Log file open, 07/28/23 18:59:32
LogWindows: Failed to load 'aqProf.dll' (GetLastError=126)
LogWindows: File 'aqProf.dll' does not exist
LogWindows: Failed to load 'VtuneApi.dll' (GetLastError=126)
LogWindows: File 'VtuneApi.dll' does not exist
LogWindows: Failed to load 'VtuneApi32e.dll' (GetLastError=126)
LogWindows: File 'VtuneApi32e.dll' does not exist
LogConsoleResponse: Display: Failed to find resolution value strings in scalability ini. Falling back to default.
LogConsoleResponse: Display: Failed to find resolution value strings in scalability ini. Falling back to default.
LogInit: Display: Running engine for game: XtremeRacer
LogPlatformFile: Not using cached read wrapper
LogTaskGraph: Started task graph with 5 named threads and 71 total threads with 3 sets of task threads.
LogStats: Stats thread started at 0.245915
LogICUInternationalization: ICU TimeZone Detection - Raw Offset: -5:00, Platform Override: ''
LogInit: Display: Loading text-based GConfig....
LogPluginManager: Mounting plugin XGEController
LogPluginManager: Mounting plugin MeshPainting
LogPluginManager: Mounting plugin Paper2D
LogPluginManager: Mounting plugin LiveLink
LogPluginManager: Mounting plugin LightPropagationVolume
LogPluginManager: Mounting plugin AISupport
LogPluginManager: Mounting plugin EnvironmentQueryEditor
LogPluginManager: Mounting plugin AssetManagerEditor
LogPluginManager: Mounting plugin OodleNetwork
LogPluginManager: Mounting plugin GameplayCameras
LogPluginManager: Mounting plugin CameraShakePreviewer
LogPluginManager: Mounting plugin OodleData
LogPluginManager: Mounting plugin CryptoKeys
LogPluginManager: Mounting plugin DataValidation
LogPluginManager: Mounting plugin FacialAnimation
LogPluginManager: Mounting plugin GameplayTagsEditor
LogPluginManager: Mounting plugin CurveEditorTools
LogPluginManager: Mounting plugin MacGraphicsSwitching
LogPluginManager: Mounting plugin GeometryMode
LogPluginManager: Mounting plugin AnimationSharing
LogPluginManager: Mounting plugin SpeedTreeImporter
LogPluginManager: Mounting plugin PluginBrowser
LogPluginManager: Mounting plugin CLionSourceCodeAccess
LogPluginManager: Mounting plugin MaterialAnalyzer
LogPluginManager: Mounting plugin CodeLiteSourceCodeAccess
LogPluginManager: Mounting plugin GitSourceControl
LogPluginManager: Mounting plugin NullSourceCodeAccess
LogPluginManager: Mounting plugin KDevelopSourceCodeAccess
LogPluginManager: Mounting plugin PixWinPlugin
LogPluginManager: Mounting plugin PluginUtils
LogPluginManager: Mounting plugin PropertyAccessNode
LogPluginManager: Mounting plugin TextureFormatOodle
LogPluginManager: Mounting plugin PlasticSourceControl
LogPluginManager: Mounting plugin RiderSourceCodeAccess
LogPluginManager: Mounting plugin PerforceSourceControl
LogPluginManager: Mounting plugin SubversionSourceControl
LogPluginManager: Mounting plugin VisualStudioCodeSourceCodeAccess
LogPluginManager: Mounting plugin XCodeSourceCodeAccess
LogPluginManager: Mounting plugin VisualStudioSourceCodeAccess
LogPluginManager: Mounting plugin DatasmithContent
LogPluginManager: Mounting plugin UObjectPlugin
LogPluginManager: Mounting plugin VariantManagerContent
LogPluginManager: Mounting plugin AndroidMedia
LogPluginManager: Mounting plugin Niagara
LogPluginManager: Mounting plugin ImgMedia
LogPluginManager: Mounting plugin MediaCompositing
LogPluginManager: Mounting plugin AvfMedia
LogPluginManager: Mounting plugin MediaPlayerEditor
LogPluginManager: Mounting plugin WmfMedia
LogPluginManager: Mounting plugin TcpMessaging
LogPluginManager: Mounting plugin MobileLauncherProfileWizard
LogPluginManager: Mounting plugin WebMMedia
LogPluginManager: Mounting plugin UdpMessaging
LogPluginManager: Mounting plugin AndroidPermission
LogPluginManager: Mounting plugin AndroidDeviceProfileSelector
LogPluginManager: Mounting plugin ActorLayerUtilities
LogPluginManager: Mounting plugin AppleImageUtils
LogPluginManager: Mounting plugin AssetTags
LogPluginManager: Mounting plugin AudioCapture
LogPluginManager: Mounting plugin AudioSynesthesia
LogPluginManager: Mounting plugin ChunkDownloader
LogPluginManager: Mounting plugin CableComponent
LogPluginManager: Mounting plugin AndroidMoviePlayer
LogPluginManager: Mounting plugin CustomMeshComponent
LogPluginManager: Mounting plugin ArchVisCharacter
LogPluginManager: Mounting plugin AppleMoviePlayer
LogPluginManager: Mounting plugin ExampleDeviceProfileSelector
LogPluginManager: Mounting plugin EditableMesh
LogPluginManager: Mounting plugin GoogleCloudMessaging
LogPluginManager: Mounting plugin LevelSequenceEditor
LogPluginManager: Mounting plugin ActorSequence
LogPluginManager: Mounting plugin GooglePAD
LogPluginManager: Mounting plugin MatineeToLevelSequence
LogPluginManager: Mounting plugin IOSDeviceProfileSelector
LogPluginManager: Mounting plugin LinuxDeviceProfileSelector
LogPluginManager: Mounting plugin TemplateSequence
LogPluginManager: Mounting plugin MobilePatchingUtils
LogPluginManager: Mounting plugin LocationServicesBPLibrary
LogPluginManager: Mounting plugin OpenXR
LogPluginManager: Mounting plugin OpenXREyeTracker
LogPluginManager: Mounting plugin OpenXRHandTracking
LogPluginManager: Mounting plugin PhysXVehicles
LogPluginManager: Mounting plugin ProceduralMeshComponent
LogPluginManager: Mounting plugin PropertyAccessEditor
LogPluginManager: Mounting plugin RuntimePhysXCooking
LogPluginManager: Mounting plugin SignificanceManager
LogPluginManager: Mounting plugin SoundFields
LogPluginManager: Mounting plugin Synthesis
LogPluginManager: Mounting plugin WebMMoviePlayer
LogPluginManager: Mounting plugin WindowsMoviePlayer
LogPluginManager: Mounting plugin OnlineSubsystem
LogPluginManager: Mounting plugin PostSplashScreen
LogPluginManager: Mounting plugin OnlineSubsystemNull
LogPluginManager: Mounting plugin OnlineSubsystemUtils
LogPluginManager: Mounting plugin ScreenshotTools
LogPluginManager: Mounting plugin LuminPlatformFeatures
LogPluginManager: Mounting plugin MagicLeap
LogPluginManager: Mounting plugin MagicLeapLightEstimation
LogPluginManager: Mounting plugin MagicLeapMedia
LogPluginManager: Mounting plugin MagicLeapPassableWorld
LogPluginManager: Mounting plugin Takes
LogPluginManager: Mounting plugin AlembicImporter
LogPluginManager: Mounting plugin MLSDK
LogPluginManager: Mounting plugin AutomationUtils
LogPluginManager: Mounting plugin BackChannel
LogPluginManager: Mounting plugin ChaosCloth
LogPluginManager: Mounting plugin ChaosNiagara
LogPluginManager: Mounting plugin ChaosEditor
LogPluginManager: Mounting plugin ChaosClothEditor
LogPluginManager: Mounting plugin ChaosSolverPlugin
LogPluginManager: Mounting plugin CharacterAI
LogPluginManager: Mounting plugin GeometryCache
LogPluginManager: Mounting plugin GeometryCollectionPlugin
LogPluginManager: Mounting plugin GeometryProcessing
LogPluginManager: Mounting plugin OpenImageDenoise
LogPluginManager: Mounting plugin PlatformCrypto
LogPluginManager: Mounting plugin MotoSynth
LogPluginManager: Mounting plugin PythonScriptPlugin
LogPluginManager: Mounting plugin ProxyLODPlugin
LogPluginManager: Mounting plugin PlanarCut
LogPluginManager: Mounting plugin RawInput
LogPluginManager: Mounting plugin SkeletalReduction
LogPluginManager: Mounting plugin LauncherChunkInstaller
LogPluginManager: Mounting plugin ContentBrowserClassDataSource
LogPluginManager: Mounting plugin ContentBrowserFileDataSource
LogPluginManager: Mounting plugin ContentBrowserAssetDataSource
LogPluginManager: Mounting plugin OculusVR
LogPluginManager: Mounting plugin SteamVR
LogPluginManager: Mounting plugin OnlineSubsystemIOS
LogPluginManager: Mounting plugin OnlineSubsystemGooglePlay
PixWinPlugin: PIX capture plugin failed to initialize! Check that the process is launched from PIX.
LogInit: Using libcurl 7.55.1-DEV
LogInit:  - built for x86_64-pc-win32
LogInit:  - supports SSL with OpenSSL/1.1.1
LogInit:  - supports HTTP deflate (compression) using libz 1.2.8
LogInit:  - other features:
LogInit:      CURL_VERSION_SSL
LogInit:      CURL_VERSION_LIBZ
LogInit:      CURL_VERSION_IPV6
LogInit:      CURL_VERSION_ASYNCHDNS
LogInit:      CURL_VERSION_LARGEFILE
LogInit:      CURL_VERSION_IDN
LogInit:  CurlRequestOptions (configurable via config and command line):
LogInit:  - bVerifyPeer = true  - Libcurl will verify peer certificate
LogInit:  - bUseHttpProxy = false  - Libcurl will NOT use HTTP proxy
LogInit:  - bDontReuseConnections = false  - Libcurl will reuse connections
LogInit:  - MaxHostConnections = 16  - Libcurl will limit the number of connections to a host
LogInit:  - LocalHostAddr = Default
LogInit:  - BufferSize = 65536
LogOnline: OSS: Creating online subsystem instance for: NULL
LogInit: WinSock: version 1.1 (2.2), MaxSocks=32767, MaxUdp=65467
LogOnline: OSS: TryLoadSubsystemAndSetDefault: Loaded subsystem for module [NULL]
LogOculusPluginWrapper: OculusPlugin initialized successfully
LogHMD: Failed initializing OVRPlugin 1.59.0
LogInit: Build: ++UE4+Release-4.27-CL-18319896
LogInit: Engine Version: 4.27.2-18319896+++UE4+Release-4.27
LogInit: Compatible Engine Version: 4.27.0-17155196+++UE4+Release-4.27
LogInit: Net CL: 17155196
LogInit: OS: Windows 10 (Release 2009) (), CPU: 12th Gen Intel(R) Core(TM) i9-12900K, GPU: AMD Radeon RX 7900 XTX
LogInit: Compiled (64-bit): Nov 30 2021 07:12:08
LogInit: Compiled with Visual C++: 19.24.28315.00
LogInit: Build Configuration: Development
LogInit: Branch Name: ++UE4+Release-4.27
LogInit: Command Line:  /Game/VehicleAdvBP/Maps/Level1 -game -PIEVIACONSOLE -Multiprocess "GameUserSettingsINI=D:/School/Unreal Engine/XtremeRacer/XtremeRacer/Saved/Config/Windows/PIEGameUserSettings0.ini" -MultiprocessSaveConfig -forcepassthrough -messaging -SessionName="Play in Standalone Game" -windowed -ResX=1280 -ResY=720
LogInit: Base Directory: D:/Epic Games/UE_4.27/Engine/Binaries/Win64/
LogInit: Allocator: TBB
LogInit: Installed Engine Build: 1
LogDevObjectVersion: Number of dev versions registered: 29
LogDevObjectVersion:   Dev-Blueprints (B0D832E4-1F89-4F0D-ACCF-7EB736FD4AA2): 10
LogDevObjectVersion:   Dev-Build (E1C64328-A22C-4D53-A36C-8E866417BD8C): 0
LogDevObjectVersion:   Dev-Core (375EC13C-06E4-48FB-B500-84F0262A717E): 4
LogDevObjectVersion:   Dev-Editor (E4B068ED-F494-42E9-A231-DA0B2E46BB41): 40
LogDevObjectVersion:   Dev-Framework (CFFC743F-43B0-4480-9391-14DF171D2073): 37
LogDevObjectVersion:   Dev-Mobile (B02B49B5-BB20-44E9-A304-32B752E40360): 3
LogDevObjectVersion:   Dev-Networking (A4E4105C-59A1-49B5-A7C5-40C4547EDFEE): 0
LogDevObjectVersion:   Dev-Online (39C831C9-5AE6-47DC-9A44-9C173E1C8E7C): 0
LogDevObjectVersion:   Dev-Physics (78F01B33-EBEA-4F98-B9B4-84EACCB95AA2): 14
LogDevObjectVersion:   Dev-Platform (6631380F-2D4D-43E0-8009-CF276956A95A): 0
LogDevObjectVersion:   Dev-Rendering (12F88B9F-8875-4AFC-A67C-D90C383ABD29): 45
LogDevObjectVersion:   Dev-Sequencer (7B5AE74C-D270-4C10-A958-57980B212A5A): 13
LogDevObjectVersion:   Dev-VR (D7296918-1DD6-4BDD-9DE2-64A83CC13884): 3
LogDevObjectVersion:   Dev-LoadTimes (C2A15278-BFE7-4AFE-6C17-90FF531DF755): 1
LogDevObjectVersion:   Private-Geometry (6EACA3D4-40EC-4CC1-B786-8BED09428FC5): 3
LogDevObjectVersion:   Dev-AnimPhys (29E575DD-E0A3-4627-9D10-D276232CDCEA): 17
LogDevObjectVersion:   Dev-Anim (AF43A65D-7FD3-4947-9873-3E8ED9C1BB05): 15
LogDevObjectVersion:   Dev-ReflectionCapture (6B266CEC-1EC7-4B8F-A30B-E4D90942FC07): 1
LogDevObjectVersion:   Dev-Automation (0DF73D61-A23F-47EA-B727-89E90C41499A): 1
LogDevObjectVersion:   FortniteMain (601D1886-AC64-4F84-AA16-D3DE0DEAC7D6): 47
LogDevObjectVersion:   FortniteRelease (E7086368-6B23-4C58-8439-1B7016265E91): 1
LogDevObjectVersion:   Dev-Enterprise (9DFFBCD6-494F-0158-E221-12823C92A888): 10
LogDevObjectVersion:   Dev-Niagara (F2AED0AC-9AFE-416F-8664-AA7FFA26D6FC): 1
LogDevObjectVersion:   Dev-Destruction (174F1F0B-B4C6-45A5-B13F-2EE8D0FB917D): 10
LogDevObjectVersion:   Dev-Physics-Ext (35F94A83-E258-406C-A318-09F59610247C): 41
LogDevObjectVersion:   Dev-PhysicsMaterial-Chaos (B68FC16E-8B1B-42E2-B453-215C058844FE): 1
LogDevObjectVersion:   Dev-CineCamera (B2E18506-4273-CFC2-A54E-F4BB758BBA07): 1
LogDevObjectVersion:   Dev-VirtualProduction (64F58936-FD1B-42BA-BA96-7289D5D0FA4E): 1
LogDevObjectVersion:   Dev-MediaFramework (6F0ED827-A609-4895-9C91-998D90180EA4): 2
LogInit: Presizing for max 25165824 objects, including 0 objects not considered by GC, pre-allocating 0 bytes for permanent pool.
LogConfig: Applying CVar settings from Section [/Script/Engine.StreamingSettings] File [D:/School/Unreal Engine/XtremeRacer/XtremeRacer/Saved/Config/Windows/Engine.ini]
LogConfig: Setting CVar [[s.MinBulkDataSizeForAsyncLoading:131072]]
LogConfig: Setting CVar [[s.AsyncLoadingThreadEnabled:0]]
LogConfig: Setting CVar [[s.EventDrivenLoaderEnabled:1]]
LogConfig: Setting CVar [[s.WarnIfTimeLimitExceeded:0]]
LogConfig: Setting CVar [[s.TimeLimitExceededMultiplier:1.5]]
LogConfig: Setting CVar [[s.TimeLimitExceededMinTime:0.005]]
LogConfig: Setting CVar [[s.UseBackgroundLevelStreaming:1]]
LogConfig: Setting CVar [[s.PriorityAsyncLoadingExtraTime:15.0]]
LogConfig: Setting CVar [[s.LevelStreamingActorsUpdateTimeLimit:5.0]]
LogConfig: Setting CVar [[s.PriorityLevelStreamingActorsUpdateExtraTime:5.0]]
LogConfig: Setting CVar [[s.LevelStreamingComponentsRegistrationGranularity:10]]
LogConfig: Setting CVar [[s.UnregisterComponentsTimeLimit:1.0]]
LogConfig: Setting CVar [[s.LevelStreamingComponentsUnregistrationGranularity:5]]
LogConfig: Setting CVar [[s.FlushStreamingOnExit:1]]
LogInit: Object subsystem initialized
LogConfig: Setting CVar [[con.DebugEarlyDefault:1]]
LogConfig: Setting CVar [[r.setres:1280x720]]
[2023.07.28-22.59.33:778][  0]LogConfig: Setting CVar [[con.DebugEarlyDefault:1]]
[2023.07.28-22.59.33:778][  0]LogConfig: Setting CVar [[r.setres:1280x720]]
[2023.07.28-22.59.33:778][  0]LogConfig: Applying CVar settings from Section [/Script/Engine.RendererSettings] File [D:/School/Unreal Engine/XtremeRacer/XtremeRacer/Saved/Config/Windows/Engine.ini]
[2023.07.28-22.59.33:778][  0]LogConfig: Setting CVar [[r.GPUCrashDebugging:0]]
[2023.07.28-22.59.33:778][  0]LogConfig: Setting CVar [[r.SkinCache.CompileShaders:1]]
[2023.07.28-22.59.33:778][  0]LogConfig: Setting CVar [[r.RayTracing:1]]
[2023.07.28-22.59.33:778][  0]LogConfig: Applying CVar settings from Section [/Script/Engine.RendererOverrideSettings] File [D:/School/Unreal Engine/XtremeRacer/XtremeRacer/Saved/Config/Windows/Engine.ini]
[2023.07.28-22.59.33:778][  0]LogConfig: Applying CVar settings from Section [/Script/Engine.StreamingSettings] File [D:/School/Unreal Engine/XtremeRacer/XtremeRacer/Saved/Config/Windows/Engine.ini]
[2023.07.28-22.59.33:778][  0]LogConfig: Setting CVar [[s.MinBulkDataSizeForAsyncLoading:131072]]
[2023.07.28-22.59.33:778][  0]LogConfig: Setting CVar [[s.AsyncLoadingThreadEnabled:0]]
[2023.07.28-22.59.33:778][  0]LogConfig: Setting CVar [[s.EventDrivenLoaderEnabled:1]]
[2023.07.28-22.59.33:778][  0]LogConfig: Setting CVar [[s.WarnIfTimeLimitExceeded:0]]
[2023.07.28-22.59.33:778][  0]LogConfig: Setting CVar [[s.TimeLimitExceededMultiplier:1.5]]
[2023.07.28-22.59.33:778][  0]LogConfig: Setting CVar [[s.TimeLimitExceededMinTime:0.005]]
[2023.07.28-22.59.33:778][  0]LogConfig: Setting CVar [[s.UseBackgroundLevelStreaming:1]]
[2023.07.28-22.59.33:778][  0]LogConfig: Setting CVar [[s.PriorityAsyncLoadingExtraTime:15.0]]
[2023.07.28-22.59.33:778][  0]LogConfig: Setting CVar [[s.LevelStreamingActorsUpdateTimeLimit:5.0]]
[2023.07.28-22.59.33:778][  0]LogConfig: Setting CVar [[s.PriorityLevelStreamingActorsUpdateExtraTime:5.0]]
[2023.07.28-22.59.33:778][  0]LogConfig: Setting CVar [[s.LevelStreamingComponentsRegistrationGranularity:10]]
[2023.07.28-22.59.33:778][  0]LogConfig: Setting CVar [[s.UnregisterComponentsTimeLimit:1.0]]
[2023.07.28-22.59.33:778][  0]LogConfig: Setting CVar [[s.LevelStreamingComponentsUnregistrationGranularity:5]]
[2023.07.28-22.59.33:779][  0]LogConfig: Setting CVar [[s.FlushStreamingOnExit:1]]
[2023.07.28-22.59.33:779][  0]LogConfig: Applying CVar settings from Section [/Script/Engine.GarbageCollectionSettings] File [D:/School/Unreal Engine/XtremeRacer/XtremeRacer/Saved/Config/Windows/Engine.ini]
[2023.07.28-22.59.33:779][  0]LogConfig: Setting CVar [[gc.MaxObjectsNotConsideredByGC:1]]
[2023.07.28-22.59.33:779][  0]LogConfig: Setting CVar [[gc.SizeOfPermanentObjectPool:0]]
[2023.07.28-22.59.33:779][  0]LogConfig: Setting CVar [[gc.FlushStreamingOnGC:0]]
[2023.07.28-22.59.33:779][  0]LogConfig: Setting CVar [[gc.NumRetriesBeforeForcingGC:10]]
[2023.07.28-22.59.33:779][  0]LogConfig: Setting CVar [[gc.AllowParallelGC:1]]
[2023.07.28-22.59.33:779][  0]LogConfig: Setting CVar [[gc.TimeBetweenPurgingPendingKillObjects:61.1]]
[2023.07.28-22.59.33:779][  0]LogConfig: Setting CVar [[gc.MaxObjectsInEditor:25165824]]
[2023.07.28-22.59.33:779][  0]LogConfig: Setting CVar [[gc.IncrementalBeginDestroyEnabled:1]]
[2023.07.28-22.59.33:779][  0]LogConfig: Setting CVar [[gc.CreateGCClusters:1]]
[2023.07.28-22.59.33:779][  0]LogConfig: Setting CVar [[gc.MinGCClusterSize:5]]
[2023.07.28-22.59.33:779][  0]LogConfig: Setting CVar [[gc.ActorClusteringEnabled:0]]
[2023.07.28-22.59.33:779][  0]LogConfig: Setting CVar [[gc.BlueprintClusteringEnabled:0]]
[2023.07.28-22.59.33:779][  0]LogConfig: Setting CVar [[gc.UseDisregardForGCOnDedicatedServers:0]]
[2023.07.28-22.59.33:779][  0]LogConfig: Setting CVar [[gc.MultithreadedDestructionEnabled:1]]
[2023.07.28-22.59.33:779][  0]LogConfig: Applying CVar settings from Section [/Script/Engine.NetworkSettings] File [D:/School/Unreal Engine/XtremeRacer/XtremeRacer/Saved/Config/Windows/Engine.ini]
[2023.07.28-22.59.33:779][  0]LogConfig: Applying CVar settings from Section [/Script/UnrealEd.CookerSettings] File [D:/School/Unreal Engine/XtremeRacer/XtremeRacer/Saved/Config/Windows/Engine.ini]
[2023.07.28-22.59.33:798][  0]LogConfig: Applying CVar settings from Section [ViewDistanceQuality@3] File [D:/School/Unreal Engine/XtremeRacer/XtremeRacer/Saved/Config/Windows/Scalability.ini]
[2023.07.28-22.59.33:798][  0]LogConfig: Setting CVar [[r.SkeletalMeshLODBias:0]]
[2023.07.28-22.59.33:798][  0]LogConfig: Setting CVar [[r.ViewDistanceScale:1.0]]
[2023.07.28-22.59.33:798][  0]LogConfig: Applying CVar settings from Section [AntiAliasingQuality@3] File [D:/School/Unreal Engine/XtremeRacer/XtremeRacer/Saved/Config/Windows/Scalability.ini]
[2023.07.28-22.59.33:798][  0]LogConfig: Setting CVar [[r.PostProcessAAQuality:4]]
[2023.07.28-22.59.33:798][  0]LogConfig: Applying CVar settings from Section [ShadowQuality@3] File [D:/School/Unreal Engine/XtremeRacer/XtremeRacer/Saved/Config/Windows/Scalability.ini]
[2023.07.28-22.59.33:798][  0]LogConfig: Setting CVar [[r.LightFunctionQuality:1]]
[2023.07.28-22.59.33:798][  0]LogConfig: Setting CVar [[r.ShadowQuality:5]]
[2023.07.28-22.59.33:798][  0]LogConfig: Setting CVar [[r.Shadow.CSM.MaxCascades:10]]
[2023.07.28-22.59.33:798][  0]LogConfig: Setting CVar [[r.Shadow.MaxResolution:2048]]
[2023.07.28-22.59.33:798][  0]LogConfig: Setting CVar [[r.Shadow.MaxCSMResolution:2048]]
[2023.07.28-22.59.33:798][  0]LogConfig: Setting CVar [[r.Shadow.RadiusThreshold:0.01]]
[2023.07.28-22.59.33:798][  0]LogConfig: Setting CVar [[r.Shadow.DistanceScale:1.0]]
[2023.07.28-22.59.33:798][  0]LogConfig: Setting CVar [[r.Shadow.CSM.TransitionScale:1.0]]
[2023.07.28-22.59.33:798][  0]LogConfig: Setting CVar [[r.Shadow.PreShadowResolutionFactor:1.0]]
[2023.07.28-22.59.33:798][  0]LogConfig: Setting CVar [[r.DistanceFieldShadowing:1]]
[2023.07.28-22.59.33:798][  0]LogConfig: Setting CVar [[r.DistanceFieldAO:1]]
[2023.07.28-22.59.33:798][  0]LogConfig: Setting CVar [[r.AOQuality:2]]
[2023.07.28-22.59.33:798][  0]LogConfig: Setting CVar [[r.VolumetricFog:1]]
[2023.07.28-22.59.33:798][  0]LogConfig: Setting CVar [[r.VolumetricFog.GridPixelSize:8]]
[2023.07.28-22.59.33:798][  0]LogConfig: Setting CVar [[r.VolumetricFog.GridSizeZ:128]]
[2023.07.28-22.59.33:798][  0]LogConfig: Setting CVar [[r.VolumetricFog.HistoryMissSupersampleCount:4]]
[2023.07.28-22.59.33:798][  0]LogConfig: Setting CVar [[r.LightMaxDrawDistanceScale:1]]
[2023.07.28-22.59.33:798][  0]LogConfig: Setting CVar [[r.CapsuleShadows:1]]
[2023.07.28-22.59.33:798][  0]LogConfig: Applying CVar settings from Section [PostProcessQuality@3] File [D:/School/Unreal Engine/XtremeRacer/XtremeRacer/Saved/Config/Windows/Scalability.ini]
[2023.07.28-22.59.33:798][  0]LogConfig: Setting CVar [[r.MotionBlurQuality:4]]
[2023.07.28-22.59.33:798][  0]LogConfig: Setting CVar [[r.AmbientOcclusionMipLevelFactor:0.4]]
[2023.07.28-22.59.33:798][  0]LogConfig: Setting CVar [[r.AmbientOcclusionMaxQuality:100]]
[2023.07.28-22.59.33:798][  0]LogConfig: Setting CVar [[r.AmbientOcclusionLevels:-1]]
[2023.07.28-22.59.33:798][  0]LogConfig: Setting CVar [[r.AmbientOcclusionRadiusScale:1.0]]
[2023.07.28-22.59.33:798][  0]LogConfig: Setting CVar [[r.DepthOfFieldQuality:2]]
[2023.07.28-22.59.33:798][  0]LogConfig: Setting CVar [[r.RenderTargetPoolMin:400]]
[2023.07.28-22.59.33:798][  0]LogConfig: Setting CVar [[r.LensFlareQuality:2]]
[2023.07.28-22.59.33:798][  0]LogConfig: Setting CVar [[r.SceneColorFringeQuality:1]]
[2023.07.28-22.59.33:798][  0]LogConfig: Setting CVar [[r.EyeAdaptationQuality:2]]
[2023.07.28-22.59.33:798][  0]LogConfig: Setting CVar [[r.BloomQuality:5]]
[2023.07.28-22.59.33:798][  0]LogConfig: Setting CVar [[r.FastBlurThreshold:100]]
[2023.07.28-22.59.33:798][  0]LogConfig: Setting CVar [[r.Upscale.Quality:3]]
[2023.07.28-22.59.33:798][  0]LogConfig: Setting CVar [[r.Tonemapper.GrainQuantization:1]]
[2023.07.28-22.59.33:798][  0]LogConfig: Setting CVar [[r.LightShaftQuality:1]]
[2023.07.28-22.59.33:798][  0]LogConfig: Setting CVar [[r.Filter.SizeScale:1]]
[2023.07.28-22.59.33:798][  0]LogConfig: Setting CVar [[r.Tonemapper.Quality:5]]
[2023.07.28-22.59.33:798][  0]LogConfig: Setting CVar [[r.DOF.Gather.AccumulatorQuality:1        ; higher gathering accumulator quality]]
[2023.07.28-22.59.33:798][  0]LogConfig: Setting CVar [[r.DOF.Gather.PostfilterMethod:1          ; Median3x3 postfilering method]]
[2023.07.28-22.59.33:798][  0]LogConfig: Setting CVar [[r.DOF.Gather.EnableBokehSettings:0       ; no bokeh simulation when gathering]]
[2023.07.28-22.59.33:798][  0]LogConfig: Setting CVar [[r.DOF.Gather.RingCount:4                 ; medium number of samples when gathering]]
[2023.07.28-22.59.33:798][  0]LogConfig: Setting CVar [[r.DOF.Scatter.ForegroundCompositing:1    ; additive foreground scattering]]
[2023.07.28-22.59.33:798][  0]LogConfig: Setting CVar [[r.DOF.Scatter.BackgroundCompositing:2    ; additive background scattering]]
[2023.07.28-22.59.33:798][  0]LogConfig: Setting CVar [[r.DOF.Scatter.EnableBokehSettings:1      ; bokeh simulation when scattering]]
[2023.07.28-22.59.33:798][  0]LogConfig: Setting CVar [[r.DOF.Scatter.MaxSpriteRatio:0.1         ; only a maximum of 10% of scattered bokeh]]
[2023.07.28-22.59.33:798][  0]LogConfig: Setting CVar [[r.DOF.Recombine.Quality:1                ; cheap slight out of focus]]
[2023.07.28-22.59.33:798][  0]LogConfig: Setting CVar [[r.DOF.Recombine.EnableBokehSettings:0    ; no bokeh simulation on slight out of focus]]
[2023.07.28-22.59.33:798][  0]LogConfig: Setting CVar [[r.DOF.TemporalAAQuality:1                ; more stable temporal accumulation]]
[2023.07.28-22.59.33:798][  0]LogConfig: Setting CVar [[r.DOF.Kernel.MaxForegroundRadius:0.025]]
[2023.07.28-22.59.33:798][  0]LogConfig: Setting CVar [[r.DOF.Kernel.MaxBackgroundRadius:0.025]]
[2023.07.28-22.59.33:798][  0]LogConfig: Applying CVar settings from Section [TextureQuality@3] File [D:/School/Unreal Engine/XtremeRacer/XtremeRacer/Saved/Config/Windows/Scalability.ini]
[2023.07.28-22.59.33:798][  0]LogConfig: Setting CVar [[r.Streaming.MipBias:0]]
[2023.07.28-22.59.33:798][  0]LogConfig: Setting CVar [[r.Streaming.AmortizeCPUToGPUCopy:0]]
[2023.07.28-22.59.33:798][  0]LogConfig: Setting CVar [[r.Streaming.MaxNumTexturesToStreamPerFrame:0]]
[2023.07.28-22.59.33:798][  0]LogConfig: Setting CVar [[r.Streaming.Boost:1]]
[2023.07.28-22.59.33:798][  0]LogConfig: Setting CVar [[r.MaxAnisotropy:8]]
[2023.07.28-22.59.33:798][  0]LogConfig: Setting CVar [[r.VT.MaxAnisotropy:8]]
[2023.07.28-22.59.33:798][  0]LogConfig: Setting CVar [[r.Streaming.LimitPoolSizeToVRAM:0]]
[2023.07.28-22.59.33:798][  0]LogConfig: Setting CVar [[r.Streaming.PoolSize:1000]]
[2023.07.28-22.59.33:798][  0]LogConfig: Setting CVar [[r.Streaming.MaxEffectiveScreenSize:0]]
[2023.07.28-22.59.33:798][  0]LogConfig: Applying CVar settings from Section [EffectsQuality@3] File [D:/School/Unreal Engine/XtremeRacer/XtremeRacer/Saved/Config/Windows/Scalability.ini]
[2023.07.28-22.59.33:798][  0]LogConfig: Setting CVar [[r.TranslucencyLightingVolumeDim:64]]
[2023.07.28-22.59.33:798][  0]LogConfig: Setting CVar [[r.RefractionQuality:2]]
[2023.07.28-22.59.33:798][  0]LogConfig: Setting CVar [[r.SSR.Quality:3]]
[2023.07.28-22.59.33:798][  0]LogConfig: Setting CVar [[r.SSR.HalfResSceneColor:0]]
[2023.07.28-22.59.33:798][  0]LogConfig: Setting CVar [[r.SceneColorFormat:4]]
[2023.07.28-22.59.33:798][  0]LogConfig: Setting CVar [[r.DetailMode:2]]
[2023.07.28-22.59.33:798][  0]LogConfig: Setting CVar [[r.TranslucencyVolumeBlur:1]]
[2023.07.28-22.59.33:798][  0]LogConfig: Setting CVar [[r.MaterialQualityLevel:1 ; High quality]]
[2023.07.28-22.59.33:798][  0]LogConfig: Setting CVar [[r.AnisotropicMaterials:1]]
[2023.07.28-22.59.33:798][  0]LogConfig: Setting CVar [[r.SSS.Scale:1]]
[2023.07.28-22.59.33:798][  0]LogConfig: Setting CVar [[r.SSS.SampleSet:2]]
[2023.07.28-22.59.33:798][  0]LogConfig: Setting CVar [[r.SSS.Quality:1]]
[2023.07.28-22.59.33:798][  0]LogConfig: Setting CVar [[r.SSS.HalfRes:0]]
[2023.07.28-22.59.33:798][  0]LogConfig: Setting CVar [[r.SSGI.Quality:3]]
[2023.07.28-22.59.33:798][  0]LogConfig: Setting CVar [[r.EmitterSpawnRateScale:1.0]]
[2023.07.28-22.59.33:798][  0]LogConfig: Setting CVar [[r.ParticleLightQuality:2]]
[2023.07.28-22.59.33:798][  0]LogConfig: Setting CVar [[r.SkyAtmosphere.AerialPerspectiveLUT.FastApplyOnOpaque:1 ; Always have FastSkyLUT 1 in this case to avoid wrong sky]]
[2023.07.28-22.59.33:798][  0]LogConfig: Setting CVar [[r.SkyAtmosphere.AerialPerspectiveLUT.SampleCountMaxPerSlice:4]]
[2023.07.28-22.59.33:798][  0]LogConfig: Setting CVar [[r.SkyAtmosphere.AerialPerspectiveLUT.DepthResolution:16.0]]
[2023.07.28-22.59.33:798][  0]LogConfig: Setting CVar [[r.SkyAtmosphere.FastSkyLUT:1]]
[2023.07.28-22.59.33:798][  0]LogConfig: Setting CVar [[r.SkyAtmosphere.FastSkyLUT.SampleCountMin:4.0]]
[2023.07.28-22.59.33:798][  0]LogConfig: Setting CVar [[r.SkyAtmosphere.FastSkyLUT.SampleCountMax:128.0]]
[2023.07.28-22.59.33:798][  0]LogConfig: Setting CVar [[r.SkyAtmosphere.SampleCountMin:4.0]]
[2023.07.28-22.59.33:798][  0]LogConfig: Setting CVar [[r.SkyAtmosphere.SampleCountMax:128.0]]
[2023.07.28-22.59.33:798][  0]LogConfig: Setting CVar [[r.SkyAtmosphere.TransmittanceLUT.UseSmallFormat:0]]
[2023.07.28-22.59.33:798][  0]LogConfig: Setting CVar [[r.SkyAtmosphere.TransmittanceLUT.SampleCount:10.0]]
[2023.07.28-22.59.33:798][  0]LogConfig: Setting CVar [[r.SkyAtmosphere.MultiScatteringLUT.SampleCount:15.0]]
[2023.07.28-22.59.33:798][  0]LogConfig: Setting CVar [[r.SkyLight.RealTimeReflectionCapture:1]]
[2023.07.28-22.59.33:798][  0]LogConfig: Applying CVar settings from Section [FoliageQuality@3] File [D:/School/Unreal Engine/XtremeRacer/XtremeRacer/Saved/Config/Windows/Scalability.ini]
[2023.07.28-22.59.33:798][  0]LogConfig: Setting CVar [[foliage.DensityScale:1.0]]
[2023.07.28-22.59.33:798][  0]LogConfig: Setting CVar [[grass.DensityScale:1.0]]
[2023.07.28-22.59.33:798][  0]LogConfig: Applying CVar settings from Section [ShadingQuality@3] File [D:/School/Unreal Engine/XtremeRacer/XtremeRacer/Saved/Config/Windows/Scalability.ini]
[2023.07.28-22.59.33:798][  0]LogConfig: Setting CVar [[r.HairStrands.SkyLighting.IntegrationType:2]]
[2023.07.28-22.59.33:798][  0]LogConfig: Setting CVar [[r.HairStrands.SkyAO.SampleCount:4]]
[2023.07.28-22.59.33:798][  0]LogConfig: Setting CVar [[r.HairStrands.Visibility.MSAA.SamplePerPixel:4]]
[2023.07.28-22.59.33:798][  0]LogInit: Selected Device Profile: [Windows]
[2023.07.28-22.59.33:798][  0]LogInit: Applying CVar settings loaded from the selected device profile: [Windows]
[2023.07.28-22.59.33:798][  0]LogHAL: Display: Platform has ~ 64 GB [68464689152 / 68719476736 / 64], which maps to Largest [LargestMinGB=32, LargerMinGB=12, DefaultMinGB=8, SmallerMinGB=6, SmallestMinGB=0)
[2023.07.28-22.59.33:798][  0]LogInit: Going up to parent DeviceProfile []
[2023.07.28-22.59.33:798][  0]LogConfig: Applying CVar settings from Section [ViewDistanceQuality@3] File [D:/School/Unreal Engine/XtremeRacer/XtremeRacer/Saved/Config/Windows/Scalability.ini]
[2023.07.28-22.59.33:798][  0]LogConfig: Setting CVar [[r.SkeletalMeshLODBias:0]]
[2023.07.28-22.59.33:798][  0]LogConfig: Setting CVar [[r.ViewDistanceScale:1.0]]
[2023.07.28-22.59.33:798][  0]LogConfig: Applying CVar settings from Section [AntiAliasingQuality@3] File [D:/School/Unreal Engine/XtremeRacer/XtremeRacer/Saved/Config/Windows/Scalability.ini]
[2023.07.28-22.59.33:798][  0]LogConfig: Setting CVar [[r.PostProcessAAQuality:4]]
[2023.07.28-22.59.33:798][  0]LogConfig: Applying CVar settings from Section [ShadowQuality@3] File [D:/School/Unreal Engine/XtremeRacer/XtremeRacer/Saved/Config/Windows/Scalability.ini]
[2023.07.28-22.59.33:798][  0]LogConfig: Setting CVar [[r.LightFunctionQuality:1]]
[2023.07.28-22.59.33:798][  0]LogConfig: Setting CVar [[r.ShadowQuality:5]]
[2023.07.28-22.59.33:798][  0]LogConfig: Setting CVar [[r.Shadow.CSM.MaxCascades:10]]
[2023.07.28-22.59.33:798][  0]LogConfig: Setting CVar [[r.Shadow.MaxResolution:2048]]
[2023.07.28-22.59.33:798][  0]LogConfig: Setting CVar [[r.Shadow.MaxCSMResolution:2048]]
[2023.07.28-22.59.33:798][  0]LogConfig: Setting CVar [[r.Shadow.RadiusThreshold:0.01]]
[2023.07.28-22.59.33:798][  0]LogConfig: Setting CVar [[r.Shadow.DistanceScale:1.0]]
[2023.07.28-22.59.33:798][  0]LogConfig: Setting CVar [[r.Shadow.CSM.TransitionScale:1.0]]
[2023.07.28-22.59.33:798][  0]LogConfig: Setting CVar [[r.Shadow.PreShadowResolutionFactor:1.0]]
[2023.07.28-22.59.33:798][  0]LogConfig: Setting CVar [[r.DistanceFieldShadowing:1]]
[2023.07.28-22.59.33:798][  0]LogConfig: Setting CVar [[r.DistanceFieldAO:1]]
[2023.07.28-22.59.33:798][  0]LogConfig: Setting CVar [[r.AOQuality:2]]
[2023.07.28-22.59.33:798][  0]LogConfig: Setting CVar [[r.VolumetricFog:1]]
[2023.07.28-22.59.33:798][  0]LogConfig: Setting CVar [[r.VolumetricFog.GridPixelSize:8]]
[2023.07.28-22.59.33:798][  0]LogConfig: Setting CVar [[r.VolumetricFog.GridSizeZ:128]]
[2023.07.28-22.59.33:798][  0]LogConfig: Setting CVar [[r.VolumetricFog.HistoryMissSupersampleCount:4]]
[2023.07.28-22.59.33:798][  0]LogConfig: Setting CVar [[r.LightMaxDrawDistanceScale:1]]
[2023.07.28-22.59.33:798][  0]LogConfig: Setting CVar [[r.CapsuleShadows:1]]
[2023.07.28-22.59.33:798][  0]LogConfig: Applying CVar settings from Section [PostProcessQuality@3] File [D:/School/Unreal Engine/XtremeRacer/XtremeRacer/Saved/Config/Windows/Scalability.ini]
[2023.07.28-22.59.33:798][  0]LogConfig: Setting CVar [[r.MotionBlurQuality:4]]
[2023.07.28-22.59.33:798][  0]LogConfig: Setting CVar [[r.AmbientOcclusionMipLevelFactor:0.4]]
[2023.07.28-22.59.33:798][  0]LogConfig: Setting CVar [[r.AmbientOcclusionMaxQuality:100]]
[2023.07.28-22.59.33:798][  0]LogConfig: Setting CVar [[r.AmbientOcclusionLevels:-1]]
[2023.07.28-22.59.33:798][  0]LogConfig: Setting CVar [[r.AmbientOcclusionRadiusScale:1.0]]
[2023.07.28-22.59.33:798][  0]LogConfig: Setting CVar [[r.DepthOfFieldQuality:2]]
[2023.07.28-22.59.33:798][  0]LogConfig: Setting CVar [[r.RenderTargetPoolMin:400]]
[2023.07.28-22.59.33:798][  0]LogConfig: Setting CVar [[r.LensFlareQuality:2]]
[2023.07.28-22.59.33:798][  0]LogConfig: Setting CVar [[r.SceneColorFringeQuality:1]]
[2023.07.28-22.59.33:798][  0]LogConfig: Setting CVar [[r.EyeAdaptationQuality:2]]
[2023.07.28-22.59.33:798][  0]LogConfig: Setting CVar [[r.BloomQuality:5]]
[2023.07.28-22.59.33:798][  0]LogConfig: Setting CVar [[r.FastBlurThreshold:100]]
[2023.07.28-22.59.33:798][  0]LogConfig: Setting CVar [[r.Upscale.Quality:3]]
[2023.07.28-22.59.33:798][  0]LogConfig: Setting CVar [[r.Tonemapper.GrainQuantization:1]]
[2023.07.28-22.59.33:798][  0]LogConfig: Setting CVar [[r.LightShaftQuality:1]]
[2023.07.28-22.59.33:798][  0]LogConfig: Setting CVar [[r.Filter.SizeScale:1]]
[2023.07.28-22.59.33:798][  0]LogConfig: Setting CVar [[r.Tonemapper.Quality:5]]
[2023.07.28-22.59.33:798][  0]LogConfig: Setting CVar [[r.DOF.Gather.AccumulatorQuality:1        ; higher gathering accumulator quality]]
[2023.07.28-22.59.33:798][  0]LogConfig: Setting CVar [[r.DOF.Gather.PostfilterMethod:1          ; Median3x3 postfilering method]]
[2023.07.28-22.59.33:798][  0]LogConfig: Setting CVar [[r.DOF.Gather.EnableBokehSettings:0       ; no bokeh simulation when gathering]]
[2023.07.28-22.59.33:798][  0]LogConfig: Setting CVar [[r.DOF.Gather.RingCount:4                 ; medium number of samples when gathering]]
[2023.07.28-22.59.33:798][  0]LogConfig: Setting CVar [[r.DOF.Scatter.ForegroundCompositing:1    ; additive foreground scattering]]
[2023.07.28-22.59.33:798][  0]LogConfig: Setting CVar [[r.DOF.Scatter.BackgroundCompositing:2    ; additive background scattering]]
[2023.07.28-22.59.33:798][  0]LogConfig: Setting CVar [[r.DOF.Scatter.EnableBokehSettings:1      ; bokeh simulation when scattering]]
[2023.07.28-22.59.33:798][  0]LogConfig: Setting CVar [[r.DOF.Scatter.MaxSpriteRatio:0.1         ; only a maximum of 10% of scattered bokeh]]
[2023.07.28-22.59.33:798][  0]LogConfig: Setting CVar [[r.DOF.Recombine.Quality:1                ; cheap slight out of focus]]
[2023.07.28-22.59.33:798][  0]LogConfig: Setting CVar [[r.DOF.Recombine.EnableBokehSettings:0    ; no bokeh simulation on slight out of focus]]
[2023.07.28-22.59.33:798][  0]LogConfig: Setting CVar [[r.DOF.TemporalAAQuality:1                ; more stable temporal accumulation]]
[2023.07.28-22.59.33:798][  0]LogConfig: Setting CVar [[r.DOF.Kernel.MaxForegroundRadius:0.025]]
[2023.07.28-22.59.33:798][  0]LogConfig: Setting CVar [[r.DOF.Kernel.MaxBackgroundRadius:0.025]]
[2023.07.28-22.59.33:798][  0]LogConfig: Applying CVar settings from Section [TextureQuality@3] File [D:/School/Unreal Engine/XtremeRacer/XtremeRacer/Saved/Config/Windows/Scalability.ini]
[2023.07.28-22.59.33:798][  0]LogConfig: Setting CVar [[r.Streaming.MipBias:0]]
[2023.07.28-22.59.33:798][  0]LogConfig: Setting CVar [[r.Streaming.AmortizeCPUToGPUCopy:0]]
[2023.07.28-22.59.33:798][  0]LogConfig: Setting CVar [[r.Streaming.MaxNumTexturesToStreamPerFrame:0]]
[2023.07.28-22.59.33:798][  0]LogConfig: Setting CVar [[r.Streaming.Boost:1]]
[2023.07.28-22.59.33:798][  0]LogConfig: Setting CVar [[r.MaxAnisotropy:8]]
[2023.07.28-22.59.33:798][  0]LogConfig: Setting CVar [[r.VT.MaxAnisotropy:8]]
[2023.07.28-22.59.33:798][  0]LogConfig: Setting CVar [[r.Streaming.LimitPoolSizeToVRAM:0]]
[2023.07.28-22.59.33:798][  0]LogConfig: Setting CVar [[r.Streaming.PoolSize:1000]]
[2023.07.28-22.59.33:799][  0]LogConfig: Setting CVar [[r.Streaming.MaxEffectiveScreenSize:0]]
[2023.07.28-22.59.33:799][  0]LogConfig: Applying CVar settings from Section [EffectsQuality@3] File [D:/School/Unreal Engine/XtremeRacer/XtremeRacer/Saved/Config/Windows/Scalability.ini]
[2023.07.28-22.59.33:799][  0]LogConfig: Setting CVar [[r.TranslucencyLightingVolumeDim:64]]
[2023.07.28-22.59.33:799][  0]LogConfig: Setting CVar [[r.RefractionQuality:2]]
[2023.07.28-22.59.33:799][  0]LogConfig: Setting CVar [[r.SSR.Quality:3]]
[2023.07.28-22.59.33:799][  0]LogConfig: Setting CVar [[r.SSR.HalfResSceneColor:0]]
[2023.07.28-22.59.33:799][  0]LogConfig: Setting CVar [[r.SceneColorFormat:4]]
[2023.07.28-22.59.33:799][  0]LogConfig: Setting CVar [[r.DetailMode:2]]
[2023.07.28-22.59.33:799][  0]LogConfig: Setting CVar [[r.TranslucencyVolumeBlur:1]]
[2023.07.28-22.59.33:799][  0]LogConfig: Setting CVar [[r.MaterialQualityLevel:1 ; High quality]]
[2023.07.28-22.59.33:799][  0]LogConfig: Setting CVar [[r.AnisotropicMaterials:1]]
[2023.07.28-22.59.33:799][  0]LogConfig: Setting CVar [[r.SSS.Scale:1]]
[2023.07.28-22.59.33:799][  0]LogConfig: Setting CVar [[r.SSS.SampleSet:2]]
[2023.07.28-22.59.33:799][  0]LogConfig: Setting CVar [[r.SSS.Quality:1]]
[2023.07.28-22.59.33:799][  0]LogConfig: Setting CVar [[r.SSS.HalfRes:0]]
[2023.07.28-22.59.33:799][  0]LogConfig: Setting CVar [[r.SSGI.Quality:3]]
[2023.07.28-22.59.33:799][  0]LogConfig: Setting CVar [[r.EmitterSpawnRateScale:1.0]]
[2023.07.28-22.59.33:799][  0]LogConfig: Setting CVar [[r.ParticleLightQuality:2]]
[2023.07.28-22.59.33:799][  0]LogConfig: Setting CVar [[r.SkyAtmosphere.AerialPerspectiveLUT.FastApplyOnOpaque:1 ; Always have FastSkyLUT 1 in this case to avoid wrong sky]]
[2023.07.28-22.59.33:799][  0]LogConfig: Setting CVar [[r.SkyAtmosphere.AerialPerspectiveLUT.SampleCountMaxPerSlice:4]]
[2023.07.28-22.59.33:799][  0]LogConfig: Setting CVar [[r.SkyAtmosphere.AerialPerspectiveLUT.DepthResolution:16.0]]
[2023.07.28-22.59.33:799][  0]LogConfig: Setting CVar [[r.SkyAtmosphere.FastSkyLUT:1]]
[2023.07.28-22.59.33:799][  0]LogConfig: Setting CVar [[r.SkyAtmosphere.FastSkyLUT.SampleCountMin:4.0]]
[2023.07.28-22.59.33:799][  0]LogConfig: Setting CVar [[r.SkyAtmosphere.FastSkyLUT.SampleCountMax:128.0]]
[2023.07.28-22.59.33:799][  0]LogConfig: Setting CVar [[r.SkyAtmosphere.SampleCountMin:4.0]]
[2023.07.28-22.59.33:799][  0]LogConfig: Setting CVar [[r.SkyAtmosphere.SampleCountMax:128.0]]
[2023.07.28-22.59.33:799][  0]LogConfig: Setting CVar [[r.SkyAtmosphere.TransmittanceLUT.UseSmallFormat:0]]
[2023.07.28-22.59.33:799][  0]LogConfig: Setting CVar [[r.SkyAtmosphere.TransmittanceLUT.SampleCount:10.0]]
[2023.07.28-22.59.33:799][  0]LogConfig: Setting CVar [[r.SkyAtmosphere.MultiScatteringLUT.SampleCount:15.0]]
[2023.07.28-22.59.33:799][  0]LogConfig: Setting CVar [[r.SkyLight.RealTimeReflectionCapture:1]]
[2023.07.28-22.59.33:799][  0]LogConfig: Applying CVar settings from Section [FoliageQuality@3] File [D:/School/Unreal Engine/XtremeRacer/XtremeRacer/Saved/Config/Windows/Scalability.ini]
[2023.07.28-22.59.33:799][  0]LogConfig: Setting CVar [[foliage.DensityScale:1.0]]
[2023.07.28-22.59.33:799][  0]LogConfig: Setting CVar [[grass.DensityScale:1.0]]
[2023.07.28-22.59.33:799][  0]LogConfig: Applying CVar settings from Section [ShadingQuality@3] File [D:/School/Unreal Engine/XtremeRacer/XtremeRacer/Saved/Config/Windows/Scalability.ini]
[2023.07.28-22.59.33:799][  0]LogConfig: Setting CVar [[r.HairStrands.SkyLighting.IntegrationType:2]]
[2023.07.28-22.59.33:799][  0]LogConfig: Setting CVar [[r.HairStrands.SkyAO.SampleCount:4]]
[2023.07.28-22.59.33:799][  0]LogConfig: Setting CVar [[r.HairStrands.Visibility.MSAA.SamplePerPixel:4]]
[2023.07.28-22.59.33:799][  0]LogConfig: Applying CVar settings from Section [Startup] File [../../../Engine/Config/ConsoleVariables.ini]
[2023.07.28-22.59.33:799][  0]LogConfig: Setting CVar [[net.UseAdaptiveNetUpdateFrequency:0]]
[2023.07.28-22.59.33:799][  0]LogConfig: Setting CVar [[p.chaos.AllowCreatePhysxBodies:1]]
[2023.07.28-22.59.33:799][  0]LogConfig: Setting CVar [[fx.SkipVectorVMBackendOptimizations:1]]
[2023.07.28-22.59.33:799][  0]LogConfig: Applying CVar settings from Section [ConsoleVariables] File [D:/School/Unreal Engine/XtremeRacer/XtremeRacer/Saved/Config/Windows/Engine.ini]
[2023.07.28-22.59.33:799][  0]LogConfig: Applying CVar settings from Section [ConsoleVariables] File [D:/School/Unreal Engine/XtremeRacer/XtremeRacer/Saved/Config/Windows/Editor.ini]
[2023.07.28-22.59.33:799][  0]LogInit: Computer: EXODIA
[2023.07.28-22.59.33:799][  0]LogInit: User: GeorgeEdmon
[2023.07.28-22.59.33:799][  0]LogInit: CPU Page size=4096, Cores=16
[2023.07.28-22.59.33:799][  0]LogInit: High frequency timer resolution =10.000000 MHz
[2023.07.28-22.59.33:799][  0]LogMemory: Memory total: Physical=63.8GB (64GB approx)
[2023.07.28-22.59.33:799][  0]LogMemory: Platform Memory Stats for Windows
[2023.07.28-22.59.33:799][  0]LogMemory: Process Physical Memory: 155.32 MB used, 155.32 MB peak
[2023.07.28-22.59.33:799][  0]LogMemory: Process Virtual Memory: 144.28 MB used, 144.28 MB peak
[2023.07.28-22.59.33:799][  0]LogMemory: Physical Memory: 13838.44 MB used,  51454.57 MB free, 65293.02 MB total
[2023.07.28-22.59.33:799][  0]LogMemory: Virtual Memory: 134163128.00 MB used,  54596.35 MB free, 134217728.00 MB total
[2023.07.28-22.59.33:801][  0]LogWindows: WindowsPlatformFeatures enabled
[2023.07.28-22.59.33:821][  0]LogInit: Physics initialised using underlying interface: PhysX
[2023.07.28-22.59.33:822][  0]LogInit: Using OS detected language (en-US).
[2023.07.28-22.59.33:822][  0]LogInit: Using OS detected locale (en-CA).
[2023.07.28-22.59.33:824][  0]LogTextLocalizationManager: No specific localization for 'en-US' exists, so the 'en' localization will be used.
[2023.07.28-22.59.33:946][  0]LogWindowsTextInputMethodSystem: Display: IME system deactivated.
[2023.07.28-22.59.33:983][  0]LogSlate: New Slate User Created.  User Index 0, Is Virtual User: 0
[2023.07.28-22.59.33:983][  0]LogSlate: Slate User Registered.  User Index 0, Is Virtual User: 0
[2023.07.28-22.59.34:014][  0]LogD3D12RHI: Aftermath initialized
[2023.07.28-22.59.34:014][  0]LogD3D12RHI: Loading WinPixEventRuntime.dll for PIX profiling (from ../../../Engine/Binaries/ThirdParty/Windows/WinPixEventRuntime/x64).
[2023.07.28-22.59.34:017][  0]LogHMD: Failed to initialize OpenVR with code 110
[2023.07.28-22.59.34:095][  0]LogD3D12RHI: Found D3D12 adapter 0: AMD Radeon RX 7900 XTX (Max supported Feature Level 12_1)
[2023.07.28-22.59.34:095][  0]LogD3D12RHI: Adapter has 24515MB of dedicated video memory, 0MB of dedicated system memory, and 32646MB of shared system memory, 2 output[s]
[2023.07.28-22.59.34:099][  0]LogD3D12RHI: Found D3D12 adapter 1: Microsoft Basic Render Driver (Max supported Feature Level 12_1)
[2023.07.28-22.59.34:099][  0]LogD3D12RHI: Adapter has 0MB of dedicated video memory, 0MB of dedicated system memory, and 32646MB of shared system memory, 0 output[s]
[2023.07.28-22.59.34:099][  0]LogD3D12RHI: Chosen D3D12 Adapter Id = 0
[2023.07.28-22.59.34:116][  0]LogD3D12RHI: InitD3DDevice: -D3DDebug = off -D3D12GPUValidation = off
[2023.07.28-22.59.34:116][  0]LogD3D12RHI: Emitting draw events for PIX profiling.
[2023.07.28-22.59.34:165][  0]LogD3D12RHI: The system supports ID3D12Device1.
[2023.07.28-22.59.34:165][  0]LogD3D12RHI: The system supports ID3D12Device2.
[2023.07.28-22.59.34:165][  0]LogD3D12RHI: The system supports ID3D12Device5.
[2023.07.28-22.59.34:165][  0]LogD3D12RHI: The system supports ID3D12Device7.
[2023.07.28-22.59.34:165][  0]LogD3D12RHI: D3D12 ray tracing 1.0 is supported.
[2023.07.28-22.59.34:165][  0]LogD3D12RHI: D3D12 ray tracing 1.1 is supported.
[2023.07.28-22.59.34:184][  0]LogD3D12RHI: [GPUBreadCrumb] Successfully setup breadcrumb resource for 3D Queue 0
[2023.07.28-22.59.34:185][  0]LogD3D12RHI: [GPUBreadCrumb] Successfully setup breadcrumb resource for Copy Queue 0
[2023.07.28-22.59.34:188][  0]LogD3D12RHI: [GPUBreadCrumb] Successfully setup breadcrumb resource for Compute Queue 0
[2023.07.28-22.59.34:196][  0]LogD3D12RHI: Display: Not using pipeline state disk cache per r.D3D12.PSO.DiskCache=0
[2023.07.28-22.59.34:196][  0]LogD3D12RHI: Display: Not using driver-optimized pipeline state disk cache per r.D3D12.PSO.DriverOptimizedDiskCache=0
[2023.07.28-22.59.34:215][  0]LogD3D12RHI:     GPU DeviceId: 0x744c (for the marketing name, search the web for "GPU Device Id")
[2023.07.28-22.59.34:215][  0]LogWindows: EnumDisplayDevices:
[2023.07.28-22.59.34:215][  0]LogWindows:    0. 'AMD Radeon RX 7900 XTX' (P:1 D:1)
[2023.07.28-22.59.34:215][  0]LogWindows:    1. 'AMD Radeon RX 7900 XTX' (P:0 D:1)
[2023.07.28-22.59.34:215][  0]LogWindows:    2. 'AMD Radeon RX 7900 XTX' (P:0 D:0)
[2023.07.28-22.59.34:215][  0]LogWindows:    3. 'AMD Radeon RX 7900 XTX' (P:0 D:0)
[2023.07.28-22.59.34:215][  0]LogWindows:    4. 'AMD Radeon RX 7900 XTX' (P:0 D:0)
[2023.07.28-22.59.34:215][  0]LogWindows: DebugString: FoundDriverCount:5 
[2023.07.28-22.59.34:216][  0]LogD3D12RHI:     Adapter Name: AMD Radeon RX 7900 XTX
[2023.07.28-22.59.34:216][  0]LogD3D12RHI:   Driver Version: AMD Software: Adrenalin Edition 23.7.2 (internal:31.0.21023.2010, unified:31.0.21023.2010)
[2023.07.28-22.59.34:216][  0]LogD3D12RHI:      Driver Date: 7-20-2023
[2023.07.28-22.59.34:216][  0]LogRHI: Texture pool is 14960 MB (70% of 21372 MB)
[2023.07.28-22.59.34:216][  0]LogD3D12RHI: Async texture creation enabled
[2023.07.28-22.59.34:216][  0]LogD3D12RHI: RHI has support for 64 bit atomics
[2023.07.28-22.59.34:441][  0]LogTargetPlatformManager: Display: Loaded TargetPlatform 'WindowsNoEditor'
[2023.07.28-22.59.34:444][  0]LogTargetPlatformManager: Display: Loaded TargetPlatform 'Windows'
[2023.07.28-22.59.34:448][  0]LogTargetPlatformManager: Display: Loaded TargetPlatform 'WindowsClient'
[2023.07.28-22.59.34:451][  0]LogTargetPlatformManager: Display: Loaded TargetPlatform 'WindowsServer'
[2023.07.28-22.59.34:451][  0]LogTargetPlatformManager: Display: Building Assets For Windows
[2023.07.28-22.59.34:457][  0]LogAudioDebug: Display: Lib vorbis DLL was dynamically loaded.
[2023.07.28-22.59.34:502][  0]LogTextureFormatOodle: Display: Oodle Texture 2.9.0 init RDO Off
[2023.07.28-22.59.34:529][  0]LogRendererCore: Ray tracing is enabled for the game. Reason: r.RayTracing=1 and r.RayTracing.EnableInGame is not present (default true).
[2023.07.28-22.59.34:529][  0]LogShaderCompilers: Guid format shader working directory is -6 characters bigger than the processId version (../../../../../School/Unreal Engine/XtremeRacer/XtremeRacer/Intermediate/Shaders/WorkingDirectory/1484/).
[2023.07.28-22.59.34:529][  0]LogShaderCompilers: Cleaned the shader compiler working directory 'C:/Users/George Edmon/AppData/Local/Temp/UnrealShaderWorkingDir/982A9FE0462784F134488C80541F003B/'.
[2023.07.28-22.59.34:529][  0]LogXGEController: Cannot use XGE Controller as Incredibuild is not installed on this machine.
[2023.07.28-22.59.34:529][  0]LogShaderCompilers: Cannot use XGE Shader Compiler as Incredibuild is not installed on this machine.
[2023.07.28-22.59.34:529][  0]LogShaderCompilers: Display: Using Local Shader Compiler.
[2023.07.28-22.59.35:043][  0]LogDerivedDataCache: Display: Max Cache Size: 512 MB
[2023.07.28-22.59.35:099][  0]LogDerivedDataCache: Loaded boot cache 0.06s 133MB C:/Users/George Edmon/AppData/Local/UnrealEngine/4.27/DerivedDataCache/Boot.ddc.
[2023.07.28-22.59.35:099][  0]LogDerivedDataCache: Display: Loaded Boot cache: C:/Users/George Edmon/AppData/Local/UnrealEngine/4.27/DerivedDataCache/Boot.ddc
[2023.07.28-22.59.35:099][  0]LogDerivedDataCache: FDerivedDataBackendGraph:  Pak pak cache file ../../../../../School/Unreal Engine/XtremeRacer/XtremeRacer/DerivedDataCache/DDC.ddp not found, will not use a pak cache.
[2023.07.28-22.59.35:099][  0]LogDerivedDataCache: Unable to find inner node Pak for hierarchical cache Hierarchy.
[2023.07.28-22.59.35:099][  0]LogDerivedDataCache: FDerivedDataBackendGraph:  CompressedPak pak cache file ../../../../../School/Unreal Engine/XtremeRacer/XtremeRacer/DerivedDataCache/Compressed.ddp not found, will not use a pak cache.
[2023.07.28-22.59.35:099][  0]LogDerivedDataCache: Unable to find inner node CompressedPak for hierarchical cache Hierarchy.
[2023.07.28-22.59.35:111][  0]LogDerivedDataCache: Display: Pak cache opened for reading ../../../Engine/DerivedDataCache/Compressed.ddp.
[2023.07.28-22.59.35:111][  0]LogDerivedDataCache: FDerivedDataBackendGraph:  EnterprisePak pak cache file ../../../Enterprise/DerivedDataCache/Compressed.ddp not found, will not use a pak cache.
[2023.07.28-22.59.35:111][  0]LogDerivedDataCache: Unable to find inner node EnterprisePak for hierarchical cache Hierarchy.
[2023.07.28-22.59.35:114][  0]LogDerivedDataCache: Speed tests for C:/Users/George Edmon/AppData/Local/UnrealEngine/Common/DerivedDataCache took 0.00 seconds
[2023.07.28-22.59.35:114][  0]LogDerivedDataCache: Display: Performance to C:/Users/George Edmon/AppData/Local/UnrealEngine/Common/DerivedDataCache: Latency=0.02ms. RandomReadSpeed=1886.16MBs, RandomWriteSpeed=335.39MBs. Assigned SpeedClass 'Local'
[2023.07.28-22.59.35:114][  0]LogDerivedDataCache: Using Local data cache path C:/Users/George Edmon/AppData/Local/UnrealEngine/Common/DerivedDataCache: Writable
[2023.07.28-22.59.35:114][  0]LogDerivedDataCache: Shared data cache path not found in *engine.ini, will not use an Shared cache.
[2023.07.28-22.59.35:115][  0]LogDerivedDataCache: Unable to find inner node Shared for hierarchical cache Hierarchy.
[2023.07.28-22.59.35:139][  0]LogSlate: Using FreeType 2.10.0
[2023.07.28-22.59.35:140][  0]LogSlate: SlateFontServices - WITH_FREETYPE: 1, WITH_HARFBUZZ: 1
[2023.07.28-22.59.35:217][  0]LogInit: Using OS detected language (en-US).
[2023.07.28-22.59.35:217][  0]LogInit: Using OS detected locale (en-CA).
[2023.07.28-22.59.35:217][  0]LogTextLocalizationManager: No localization for 'en-US' exists, so 'en' will be used for the language.
[2023.07.28-22.59.35:217][  0]LogTextLocalizationManager: No localization for 'en-CA' exists, so 'en' will be used for the locale.
[2023.07.28-22.59.35:217][  0]LogSlate: FontCache flush requested. Reason: Culture for localization was changed
[2023.07.28-22.59.35:217][  0]LogSlate: FontCache flush requested. Reason: Culture for localization was changed
[2023.07.28-22.59.35:219][  0]LogTextLocalizationManager: Compacting localization data took   0.00ms
[2023.07.28-22.59.35:219][  0]LogAssetRegistry: FAssetRegistry took 0.0011 seconds to start up
[2023.07.28-22.59.35:324][  0]LogPackageLocalizationCache: Processed 27 localized package path(s) for 1 prioritized culture(s) in 0.002124 seconds
[2023.07.28-22.59.35:358][  0]LogInit: Selected Device Profile: [Windows]
[2023.07.28-22.59.35:358][  0]LogInit: Active device profile: [0000022978C51400][0000022969412CC0 49] Windows
[2023.07.28-22.59.35:358][  0]LogInit: Profiles: [0000022978C51400][0000022969412CC0 49] Windows, [0000022978BF6A00][000002296941AE40 49] WindowsNoEditor, [0000022978C53100][000002296941EFC0 49] WindowsServer, [0000022978BEBF00][0000022969141140 49] WindowsClient, [0000022978BF7C00][0000022969417280 49] IOS, [0000022978BE9700][00000229691453C0 49] iPadAir, [0000022978BF6200][0000022969149500 49] iPadAir2, [0000022978B8C400][00000229691557C0 49] IPadPro, [0000022978B8C500][0000022969151800 49] iPadAir3, [0000022978BE9900][0000022969159980 49] iPadAir4, [0000022978B8F000][000002296915DB00 49] iPadMini2, [0000022978BEBD00][0000022969160100 49] iPadMini3, [0000022978B8CB00][0000022969164280 49] iPadMini4, [0000022978BE8A00][0000022969168400 49] iPadMini5, [0000022978B7FC00][00000229691706C0 49] iPhone6, [0000022978B7FD00][000002296916C700 49] iPodTouch6, [0000022978C52500][00000229691789C0 49] iPhone7, [0000022978C52300][0000022969174A00 49] iPodTouch7, [0000022978B7C600][000002296917CB80 49] iPhone5S, [0000022978B8EE00][0000022969180D00 49] iPhone6Plus, [0000022978B7DF00][0000022969184E80 49] iPhone6S, [0000022978B8D300][0000022969189000 49] iPhone6SPlus, [0000022978C51300][0000022969013180 49] iPhone7Plus, [0000022978B8EA00][0000022969017300 49] iPhoneSE, [0000022978C50B00][000002296914D440 49] iPhone8, [0000022978B8E400][000002296901B580 49] iPhone8Plus, [0000022978C50100][000002296901F6C0 49] iPhoneX, [0000022978B8D000][0000022969027840 49] iPhoneXS, [0000022978C51800][000002296902B9C0 49] iPhoneXSMax, [0000022978B8F800][000002296902FB40 49] iPhoneXR, [0000022978C52D00][0000022969032140 49] iPhone11, [0000022978B8DF00][00000229690362C0 49] iPhone11Pro, [0000022978C53600][000002296903A440 49] iPhone11ProMax, [0000022978B8DA00][000002296903E5C0 49] iPhoneSE2, [0000022978C51F00][0000022969042740 49] iPhone12Mini, [0000022978B8C900][00000229690468C0 49] iPhone12, [0000022978C51000][000002296904AA40 49] iPhone12Pro, [0000022978B8DC00][000002296904EBC0 49] iPhone12ProMax, [0000022978C51B00][0000022969052D40 49] iPadPro105, [0000022978B8CA00][0000022969056EC0 49] iPadPro129, [0000022978C52700][000002296905B040 49] iPadPro97, [0000022978B8CC00][000002296905F1C0 49] iPadPro2_129, [0000022978C52E00][0000022969063340 49] iPad5, [0000022978B8DE00][00000229690674C0 49] iPad6, [0000022978C52100][0000022969023600 49] iPad7, [0000022978B8EF00][000002296906B740 49] iPad8, [0000022978C50F00][000002296906F880 49] iPadPro11, [0000022978B8FA00][00000229690739C0 49] iPadPro2_11, [0000022978C50400][000002296907BB40 49] iPadPro3_129, [0000022978B8D900][000002296907E140 49] iPadPro4_129, [0000022978C53700][00000229690822C0 49] AppleTV, [0000022978B8DD00][0000022969086440 49] AppleTV4K, [0000022978C52800][000002296908A5C0 49] TVOS, [0000022978B8F600][000002296908E740 49] Mac, [0000022978C53800][00000229690928C0 49] MacClient, [0000022978B8ED00][0000022969096A40 49] MacNoEditor, [0000022978C50600][000002296909ABC0 49] MacServer, [0000022978B8F400][0000022968992D40 49] Linux, [0000022978C52400][0000022968996EC0 49] LinuxAArch64, [0000022978B8FC00][000002296899B040 49] LinuxNoEditor, [0000022978C53A00][000002296899F1C0 49] LinuxAArch64NoEditor, [0000022978B8D100][00000229689A3340 49] LinuxClient, [0000022978C52F00][00000229689A74C0 49] LinuxAArch64Client, [0000022978B8CF00][00000229689AB640 49] LinuxServer, [0000022978C51700][0000022969077780 49] LinuxAArch64Server, [0000022978B8E800][00000229689AF8C0 49] Android, [0000022978BE9B00][00000229689B3A00 49] Android_Low, [0000022978B7C900][00000229689B7B40 49] Android_Mid, [0000022978BE9E00][00000229689BE140 49] Android_High, [0000022978B7D900][00000229689C22C0 49] Android_Default, [0000022978BEAB00][00000229689C6440 49] Android_Adreno4xx, [0000022978B7D100][00000229689CA5C0 49] Android_Adreno5xx_Low, [0000022978BEA100][00000229689CE740 49] Android_Adreno5xx, [0000022978B7D600][00000229689D28C0 49] Android_Adreno6xx, [0000022978BE8B00][00000229689D6A40 49] Android_Adreno6xx_Vulkan, [0000022978B7C300][00000229689DABC0 49] Android_Mali_T6xx, [0000022978BEBC00][00000229689DED40 49] Android_Mali_T7xx, [0000022978B7E600][00000229689E2EC0 49] Android_Mali_T8xx, [0000022978BE8C00][00000229689E7040 49] Android_Mali_G71, [0000022978B7F100][00000229689EB1C0 49] Android_Mali_G72, [0000022978BE8900][00000229689EF340 49] Android_Mali_G72_Vulkan, [0000022978B7F700][00000229689F34C0 49] Android_Mali_G76, [0000022978BEA900][00000229689F7640 49] Android_Mali_G76_Vulkan, [0000022978B7D800][00000229689FB7C0 49] Android_Mali_G77, [0000022978BEB900][00000229689FF940 49] Android_Mali_G77_Vulkan, [0000022978B7F000][00000229689BBA80 49] Android_Mali_G78, [0000022978BE8500][0000022968A03BC0 49] Android_Mali_G78_Vulkan, [0000022978B7CB00][0000022968A06180 49] Android_Mali_G710, [0000022978BEBB00][0000022968A0E300 49] Android_Mali_G710_Vulkan, [0000022978B7E500][0000022968A12480 49] Android_Vulkan_SM5, [0000022978BEA000][0000022968A16600 49] Android_PowerVR_G6xxx, [0000022978B7C200][0000022968A1A780 49] Android_PowerVR_GT7xxx, [0000022978BE8F00][0000022968A1E900 49] Android_PowerVR_GE8xxx, [0000022978B7ED00][0000022968A22A80 49] Android_PowerVR_GM9xxx, [0000022978B8E200][0000022968A26C00 49] Android_PowerVR_GM9xxx_Vulkan, [0000022978B7FF00][0000022968A2AD80 49] Android_TegraK1, [0000022978B8F100][0000022968A2EF00 49] Android_Unknown_Vulkan, [0000022978B7CD00][0000022968A33080 49] Lumin, [0000022978B8CE00][0000022968A37200 49] Lumin_Desktop, [0000022978B7C400][0000022968A3B380 49] HoloLens, 
[2023.07.28-22.59.35:446][  0]LogMeshReduction: Using QuadricMeshReduction for automatic static mesh reduction
[2023.07.28-22.59.35:446][  0]LogMeshReduction: Using SimplygonMeshReduction for automatic skeletal mesh reduction
[2023.07.28-22.59.35:446][  0]LogMeshReduction: Using ProxyLODMeshReduction for automatic mesh merging
[2023.07.28-22.59.35:446][  0]LogMeshReduction: No distributed automatic mesh merging module available
[2023.07.28-22.59.35:446][  0]LogMeshMerging: No distributed automatic mesh merging module available
[2023.07.28-22.59.35:478][  0]LogNetVersion: XtremeRacer 1.0.0, NetCL: 17155196, EngineNetVer: 17, GameNetVer: 0 (Checksum: 68497205)
[2023.07.28-22.59.35:621][  0]LogTexture: Default maximum texture size for cubemaps generated from long-lat sources has been changed from 512 to unlimited. In order to preserve old behaiour for '/Engine/MapTemplates/Sky/DaylightAmbientCubemap.DaylightAmbientCubemap', its maximum texture size has been explicitly set to 512.
[2023.07.28-22.59.35:656][  0]LogHMD: PokeAHoleMaterial loaded successfully
[2023.07.28-22.59.35:764][  0]LogMoviePlayer: Initializing movie player
[2023.07.28-22.59.35:838][  0]LogD3D12RHI: Creating RTPSO with 3 shaders (0 cached, 3 new) took 22.65 ms. Compile time 11.45 ms, link time 11.18 ms.
[2023.07.28-22.59.35:857][  0]LogD3D12RHI: Creating RTPSO with 3 shaders (1 cached, 2 new) took 18.99 ms. Compile time 8.86 ms, link time 10.11 ms.
[2023.07.28-22.59.35:905][  0]LogNiagaraDebuggerClient: Niagara Debugger Client Initialized | Session: A6555461400112D2E74E52852CA95F4F | Instance: 9A589FAB4F54C1686D4F41A38FB95277 (EXODIA-1484).
[2023.07.28-22.59.35:919][  0]LogCollectionManager: Loaded 0 collections in 0.001191 seconds
[2023.07.28-22.59.35:921][  0]LogFileCache: Scanning file cache for directory 'D:/School/Unreal Engine/XtremeRacer/XtremeRacer/Saved/Collections/' took 0.00s
[2023.07.28-22.59.35:921][  0]LogFileCache: Scanning file cache for directory 'D:/School/Unreal Engine/XtremeRacer/XtremeRacer/Content/Developers/GeorgeEdmon/Collections/' took 0.00s
[2023.07.28-22.59.35:921][  0]LogFileCache: Scanning file cache for directory 'D:/School/Unreal Engine/XtremeRacer/XtremeRacer/Content/Collections/' took 0.00s
[2023.07.28-22.59.35:921][  0]LogCollectionManager: Fixed up redirectors for 0 collections in 0.000001 seconds (updated 0 objects)
[2023.07.28-22.59.35:936][  0]LogTcpMessaging: Initializing TcpMessaging bridge
[2023.07.28-22.59.35:939][  0]LogUdpMessaging: Initializing bridge on interface 0.0.0.0:0 to multicast group 230.0.0.1:6666.
[2023.07.28-22.59.36:052][  0]LogPython: Using Python 3.7.7
[2023.07.28-22.59.36:360][  0]SourceControl: Source control is disabled
[2023.07.28-22.59.36:360][  0]SourceControl: Source control is disabled
[2023.07.28-22.59.36:362][  0]SourceControl: Source control is disabled
[2023.07.28-22.59.36:364][  0]LogUProjectInfo: Found projects:
[2023.07.28-22.59.36:390][  0]LogAndroidPermission: UAndroidPermissionCallbackProxy::GetInstance
[2023.07.28-22.59.36:403][  0]LogAudioCaptureCore: Display: No Audio Capture implementations found. Audio input will be silent.
[2023.07.28-22.59.36:403][  0]LogAudioCaptureCore: Display: No Audio Capture implementations found. Audio input will be silent.
[2023.07.28-22.59.36:488][  0]LogOpenImageDenoise: OIDN starting up
[2023.07.28-22.59.36:511][  0]LogOcInput: OculusInput pre-init called
[2023.07.28-22.59.36:517][  0]LogUObjectArray: 22132 objects as part of root set at end of initial load.
[2023.07.28-22.59.36:518][  0]LogUObjectAllocator: 5978592 out of 0 bytes used by permanent object pool.
[2023.07.28-22.59.36:518][  0]LogUObjectArray: CloseDisregardForGC: 0/0 objects in disregard for GC pool
[2023.07.28-22.59.36:552][  0]LogClass: Display: IntProperty FRegisteredDeviceInfo::Handle is not initialized properly. Module:RawInput File:Public/RawInputFunctionLibrary.h
[2023.07.28-22.59.36:552][  0]LogClass: Display: IntProperty FRegisteredDeviceInfo::VendorID is not initialized properly. Module:RawInput File:Public/RawInputFunctionLibrary.h
[2023.07.28-22.59.36:552][  0]LogClass: Display: IntProperty FRegisteredDeviceInfo::ProductID is not initialized properly. Module:RawInput File:Public/RawInputFunctionLibrary.h
[2023.07.28-22.59.36:552][  0]LogClass: Display: 3 Uninitialized script struct members found including 0 object properties
[2023.07.28-22.59.36:553][  0]LogEngine: Initializing Engine...
[2023.07.28-22.59.36:555][  0]LogHMD: Failed to enumerate extensions. Please check that you have a valid OpenXR runtime installed.
[2023.07.28-22.59.36:555][  0]LogHMD: Failed to initialize OpenVR with code 110
[2023.07.28-22.59.36:555][  0]LogMagicLeap: Warning: VR disabled because ZI is not enabled.  To enable, in the editor, Edit -> Project Settings -> Plugins -> Magic Leap Plugin -> Enable Zero Iteration
[2023.07.28-22.59.36:556][  0]LogStats: UGameplayTagsManager::InitializeManager -  0.000 s
[2023.07.28-22.59.36:613][  0]LogInit: Initializing FReadOnlyCVARCache
[2023.07.28-22.59.36:613][  0]LogAudio: Display: Initializing Audio Device Manager...
[2023.07.28-22.59.36:617][  0]LogAudio: Display: Loading Default Audio Settings Objects...
[2023.07.28-22.59.36:618][  0]LogAudio: Display: No default SoundConcurrencyObject specified (or failed to load).
[2023.07.28-22.59.36:618][  0]LogAudio: Display: Audio Device Manager Initialized
[2023.07.28-22.59.36:618][  0]LogAudio: Display: Creating Audio Device:                 Id: 1, Scope: Shared, Realtime: True
[2023.07.28-22.59.36:618][  0]LogAudioMixer: Display: Audio Mixer Platform Settings:
[2023.07.28-22.59.36:618][  0]LogAudioMixer: Display: 	Sample Rate:						  48000
[2023.07.28-22.59.36:618][  0]LogAudioMixer: Display: 	Callback Buffer Frame Size Requested: 1024
[2023.07.28-22.59.36:618][  0]LogAudioMixer: Display: 	Callback Buffer Frame Size To Use:	  1024
[2023.07.28-22.59.36:618][  0]LogAudioMixer: Display: 	Number of buffers to queue:			  2
[2023.07.28-22.59.36:618][  0]LogAudioMixer: Display: 	Max Channels (voices):				  32
[2023.07.28-22.59.36:618][  0]LogAudioMixer: Display: 	Number of Async Source Workers:		  0
[2023.07.28-22.59.36:618][  0]LogAudio: Display: AudioDevice MaxSources: 32
[2023.07.28-22.59.36:619][  0]LogAudio: Display: Audio Spatialization Plugin: None (built-in).
[2023.07.28-22.59.36:619][  0]LogAudio: Display: Audio Reverb Plugin: None (built-in).
[2023.07.28-22.59.36:619][  0]LogAudio: Display: Audio Occlusion Plugin: None (built-in).
[2023.07.28-22.59.36:619][  0]LogAudioMixer: Display: Initializing audio mixer.
[2023.07.28-22.59.36:635][  0]LogAudioMixer: Display: 0: FrontLeft
[2023.07.28-22.59.36:635][  0]LogAudioMixer: Display: 1: FrontRight
[2023.07.28-22.59.36:641][  0]LogAudioMixer: Display: Using Audio Device Speakers (Realtek(R) Audio)
[2023.07.28-22.59.36:642][  0]LogAudioMixer: Display: Initializing Sound Submixes...
[2023.07.28-22.59.36:643][  0]LogAudioMixer: Display: Creating Master Submix 'MasterSubmixDefault'
[2023.07.28-22.59.36:643][  0]LogAudioMixer: Display: Creating Master Submix 'MasterReverbSubmixDefault'
[2023.07.28-22.59.36:644][  0]LogAudioMixer: Display: Creating Master Submix 'MasterEQSubmixDefault'
[2023.07.28-22.59.36:644][  0]LogAudioMixer: FMixerPlatformXAudio2::StartAudioStream() called
[2023.07.28-22.59.36:644][  0]LogAudioMixer: Display: Output buffers initialized: Frames=1024, Channels=2, Samples=2048
[2023.07.28-22.59.36:644][  0]LogAudioMixer: Display: Starting AudioMixerPlatformInterface::RunInternal()
[2023.07.28-22.59.36:644][  0]LogAudioMixer: Display: FMixerPlatformXAudio2::SubmitBuffer() called for the first time
[2023.07.28-22.59.36:644][  0]LogInit: FAudioDevice initialized.
[2023.07.28-22.59.36:646][  0]LogNetVersion: Set ProjectVersion to 1.0.0.0. Version Checksum will be recalculated on next use.
[2023.07.28-22.59.36:646][  0]LogInit: Texture streaming: Enabled
[2023.07.28-22.59.36:764][  0]LogAudio: Display: Audio Device (ID: 1) registered with world 'Untitled'.
[2023.07.28-22.59.36:764][  0]LogSlate: Updating window title bar state: overlay mode, drag disabled, window buttons hidden, title bar hidden
[2023.07.28-22.59.36:764][  0]LogInit: Display: Game Engine Initialized.
[2023.07.28-22.59.36:781][  0]LogNiagaraEditor: GEditor isn't valid! Particle reset commands will not work for Niagara components!
[2023.07.28-22.59.36:851][  0]LogInit: Display: Starting Game.
[2023.07.28-22.59.36:851][  0]LogNet: Browse: /Game/VehicleAdvBP/Maps/Level1?Name=Player
[2023.07.28-22.59.36:851][  0]LogLoad: LoadMap: /Game/VehicleAdvBP/Maps/Level1?Name=Player
[2023.07.28-22.59.36:851][  0]LogWorld: BeginTearingDown for /Temp/Untitled_0
[2023.07.28-22.59.36:852][  0]LogWorld: UWorld::CleanupWorld for Untitled, bSessionEnded=true, bCleanupResources=true
[2023.07.28-22.59.36:852][  0]LogSlate: InvalidateAllWidgets triggered.  All widgets were invalidated
[2023.07.28-22.59.36:861][  0]LogAudio: Display: Audio Device unregistered from world 'None'.
[2023.07.28-22.59.36:862][  0]LogUObjectHash: Compacting FUObjectHashTables data took   0.43ms
[2023.07.28-22.59.37:051][  0]LogSkeletalMesh: Display: [AssetLog] D:\School\Unreal Engine\XtremeRacer\XtremeRacer\Content\VehicleAdv\Vehicle\Vehicle_SkelMesh.uasset: Find and fix some bad tangent! please re-import this skeletal mesh asset to fix the issue. The shading of the skeletal mesh will be bad and faceted.
[2023.07.28-22.59.37:078][  0]LogAudio: Display: Audio Device (ID: 1) registered with world 'Level1'.
[2023.07.28-22.59.37:084][  0]LogAIModule: Creating AISystem for world Level1
[2023.07.28-22.59.37:086][  0]LogLoad: Game class is 'VehicleAdvGameMode_C'
[2023.07.28-22.59.37:099][  0]LogWorld: Bringing World /Game/VehicleAdvBP/Maps/Level1.Level1 up for play (max tick rate 0) at 2023.07.28-18.59.37
[2023.07.28-22.59.37:099][  0]LogWorld: Bringing up level for play took: 0.012160
[2023.07.28-22.59.37:102][  0]LogLoad: Took 0.251255 seconds to LoadMap(/Game/VehicleAdvBP/Maps/Level1)
[2023.07.28-22.59.37:191][  0]LogSlate: Took 0.000156 seconds to synchronously load lazily loaded font '../../../Engine/Content/Slate/Fonts/Roboto-Regular.ttf' (155K)
[2023.07.28-22.59.37:236][  0]LogRenderer: Reallocating scene render targets to support 1280x720 Format 10 NumSamples 1 (Frame:1).
[2023.07.28-22.59.37:236][  0]LogInit: Display: Engine is initialized. Leaving FEngineLoop::Init()
[2023.07.28-22.59.37:236][  0]LogLoad: (Engine Initialization) Total time: 5.17 seconds
[2023.07.28-22.59.37:236][  0]LogLoad: (Engine Initialization) Total Blueprint compile time: 0.00 seconds
[2023.07.28-22.59.37:299][  0]LogD3D12RHI: Creating RTPSO with 3 shaders (2 cached, 1 new) took 71.79 ms. Compile time 53.58 ms, link time 18.13 ms.
[2023.07.28-22.59.37:324][  0]LogD3D12RHI: Creating RTPSO with 130 shaders (0 cached, 130 new) took 121.87 ms. Compile time 114.39 ms, link time 7.39 ms.
[2023.07.28-22.59.37:355][  0]LogD3D12RHI: Creating RTPSO with 8 shaders (0 cached, 8 new) took 126.82 ms. Compile time 98.47 ms, link time 28.33 ms.
[2023.07.28-22.59.37:355][  0]LogD3D12RHI: Creating RT View Heap with 250000 entries
[2023.07.28-22.59.37:358][  0]LogD3D12RHI: Creating RT Sampler Heap with 2048 entries
[2023.07.28-22.59.37:358][  0]LogD3D12RHI: Creating RT View Heap with 250000 entries
[2023.07.28-22.59.37:361][  0]LogD3D12RHI: Creating RT Sampler Heap with 2048 entries
[2023.07.28-22.59.37:361][  0]LogD3D12RHI: Creating RT View Heap with 250000 entries
[2023.07.28-22.59.37:364][  0]LogD3D12RHI: Creating RT Sampler Heap with 2048 entries
[2023.07.28-22.59.37:406][  0]LogRawInputWindows: Warning: Found device 14 devices
[2023.07.28-22.59.37:406][  0]LogRawInputWindows: Warning: Found device 14 devices
[2023.07.28-22.59.37:406][  0]LogRawInputWindows: Warning: Device was registered succesfully but not connected (Usage:4 UsagePage:1)
[2023.07.28-22.59.37:406][  0]LogRawInputWindows: Warning: Found device 14 devices
[2023.07.28-22.59.37:406][  0]LogRawInputWindows: Warning: Device was registered succesfully but not connected (Usage:5 UsagePage:1)
[2023.07.28-22.59.37:408][  0]LogContentStreaming: Texture pool size now 1000 MB
[2023.07.28-22.59.37:413][  0]LogRenderer: Reallocating scene render targets to support 128x128 Format 10 NumSamples 1 (Frame:1).
[2023.07.28-22.59.37:413][  0]LogSlate: InvalidateAllWidgets triggered.  All widgets were invalidated
[2023.07.28-22.59.37:446][  0]LogRenderer: Reallocating scene render targets to support 1280x720 Format 10 NumSamples 1 (Frame:2).
[2023.07.28-22.59.37:518][  1]LogSlate: Took 0.000315 seconds to synchronously load lazily loaded font '../../../Engine/Content/Slate/Fonts/Roboto-Regular.ttf' (155K)
[2023.07.28-22.59.37:580][ 14]LogD3D12RHI: Creating RT View Heap with 250000 entries
[2023.07.28-22.59.37:636][ 33]LogD3D12RHI: Creating RT Sampler Heap with 2048 entries
[2023.07.28-22.59.37:645][ 36]LogD3D12RHI: Creating RT View Heap with 250000 entries
[2023.07.28-22.59.37:649][ 37]LogD3D12RHI: Creating RT Sampler Heap with 2048 entries
[2023.07.28-22.59.41:660][507]LogSlate: Window 'XtremeRacer (64-bit Development PCD3D_SM5) ' being destroyed
[2023.07.28-22.59.41:661][507]LogWindowsTextInputMethodSystem: Display: IME system deactivated.
[2023.07.28-22.59.41:666][507]LogSlate: Updating window title bar state: overlay mode, drag disabled, window buttons hidden, title bar hidden
[2023.07.28-22.59.41:666][507]LogEngine: All Windows Closed
[2023.07.28-22.59.41:666][507]LogWindows: FPlatformMisc::RequestExit(0)
[2023.07.28-22.59.41:666][507]LogWindows: FPlatformMisc::RequestExitWithStatus(0, 0)
[2023.07.28-22.59.41:666][507]LogCore: Engine exit requested (reason: Win RequestExit)
[2023.07.28-22.59.41:666][508]LogCore: Engine exit requested (reason: EngineExit() was called; note: exit was already requested)
[2023.07.28-22.59.41:666][508]LogInit: Display: PreExit Game.
[2023.07.28-22.59.41:737][508]LogWorld: BeginTearingDown for /Game/VehicleAdvBP/Maps/Level1
[2023.07.28-22.59.41:737][508]LogWorld: UWorld::CleanupWorld for Level1, bSessionEnded=true, bCleanupResources=true
[2023.07.28-22.59.41:738][508]LogSlate: InvalidateAllWidgets triggered.  All widgets were invalidated
[2023.07.28-22.59.42:561][508]LogAudio: Display: Beginning Audio Device Manager Shutdown (Module: AudioMixerXAudio2)...
[2023.07.28-22.59.42:561][508]LogAudio: Display: Destroying 1 Remaining Audio Device(s)...
[2023.07.28-22.59.42:561][508]LogAudio: Display: Audio Device unregistered from world 'Level1'.
[2023.07.28-22.59.42:598][508]LogAudioMixer: FMixerPlatformXAudio2::StopAudioStream() called
[2023.07.28-22.59.42:599][508]LogAudioMixer: FMixerPlatformXAudio2::StopAudioStream() called
[2023.07.28-22.59.42:600][508]LogAudio: Display: Audio Device Manager Shutdown
[2023.07.28-22.59.42:612][508]LogExit: Preparing to exit.
[2023.07.28-22.59.42:615][508]LogSlate: Updating window title bar state: overlay mode, drag disabled, window buttons hidden, title bar hidden
[2023.07.28-22.59.42:618][508]LogUObjectHash: Compacting FUObjectHashTables data took   0.60ms
[2023.07.28-22.59.42:946][508]LogMoviePlayer: Shutting down movie player
[2023.07.28-22.59.43:075][508]LogDemo: Cleaned up 0 splitscreen connections with owner deletion
[2023.07.28-22.59.43:078][508]LogExit: Game engine shut down
[2023.07.28-22.59.43:102][508]LogExit: Object subsystem successfully closed.
[2023.07.28-22.59.43:118][508]LogShaderCompilers: Display: === FShaderJobCache stats ===
[2023.07.28-22.59.43:118][508]LogShaderCompilers: Display: Total job queries 0, among them cache hits 0 (0.00%)
[2023.07.28-22.59.43:118][508]LogShaderCompilers: Display: Tracking 0 distinct input hashes that result in 0 distinct outputs (0.00%)
[2023.07.28-22.59.43:118][508]LogShaderCompilers: Display: RAM used: 0.00 MB (0.00 GB) of 3276.80 MB (3.20 GB) budget. Usage: 0.00%
[2023.07.28-22.59.43:118][508]LogShaderCompilers: Display: ================================================
[2023.07.28-22.59.43:135][508]LogShaderCompilers: Display: Shaders left to compile 0
[2023.07.28-22.59.43:142][508]LogModuleManager: Shutting down and abandoning module SequenceRecorderSections (562)
[2023.07.28-22.59.43:142][508]LogModuleManager: Shutting down and abandoning module SequenceRecorder (560)
[2023.07.28-22.59.43:142][508]LogModuleManager: Shutting down and abandoning module AutomationController (558)
[2023.07.28-22.59.43:142][508]LogModuleManager: Shutting down and abandoning module AutomationWorker (556)
[2023.07.28-22.59.43:142][508]LogModuleManager: Shutting down and abandoning module Voice (554)
[2023.07.28-22.59.43:142][508]LogModuleManager: Shutting down and abandoning module AIModule (552)
[2023.07.28-22.59.43:142][508]LogModuleManager: Shutting down and abandoning module GameplayDebugger (551)
[2023.07.28-22.59.43:142][508]LogModuleManager: Shutting down and abandoning module AITestSuite (549)
[2023.07.28-22.59.43:142][508]LogModuleManager: Shutting down and abandoning module NavigationSystem (547)
[2023.07.28-22.59.43:142][508]LogModuleManager: Shutting down and abandoning module AnimGraph (544)
[2023.07.28-22.59.43:142][508]LogModuleManager: Shutting down and abandoning module SteamVREditor (542)
[2023.07.28-22.59.43:142][508]LogModuleManager: Shutting down and abandoning module ToolMenus (541)
[2023.07.28-22.59.43:142][508]LogModuleManager: Shutting down and abandoning module OculusMR (538)
[2023.07.28-22.59.43:142][508]LogModuleManager: Shutting down and abandoning module PlanarCut (536)
[2023.07.28-22.59.43:142][508]LogModuleManager: Shutting down and abandoning module CharacterAI (534)
[2023.07.28-22.59.43:142][508]LogModuleManager: Shutting down and abandoning module TakeRecorderSources (532)
[2023.07.28-22.59.43:142][508]LogModuleManager: Shutting down and abandoning module TakeRecorder (531)
[2023.07.28-22.59.43:142][508]LogModuleManager: Shutting down and abandoning module TakeTrackRecorders (528)
[2023.07.28-22.59.43:142][508]LogModuleManager: Shutting down and abandoning module TakesCore (526)
[2023.07.28-22.59.43:142][508]LogModuleManager: Shutting down and abandoning module MagicLeapMediaCodecFactory (524)
[2023.07.28-22.59.43:142][508]LogModuleManager: Shutting down and abandoning module MagicLeapMediaFactory (522)
[2023.07.28-22.59.43:142][508]LogModuleManager: Shutting down and abandoning module OpenXRInput (520)
[2023.07.28-22.59.43:142][508]LogModuleManager: Shutting down and abandoning module WebMMediaFactory (518)
[2023.07.28-22.59.43:142][508]LogModuleManager: Shutting down and abandoning module WebMMedia (516)
[2023.07.28-22.59.43:142][508]LogModuleManager: Shutting down and abandoning module WmfMediaFactory (514)
[2023.07.28-22.59.43:142][508]LogModuleManager: Shutting down and abandoning module AvfMediaFactory (512)
[2023.07.28-22.59.43:142][508]LogModuleManager: Shutting down and abandoning module OpenExrWrapper (510)
[2023.07.28-22.59.43:142][508]LogModuleManager: Shutting down and abandoning module ImgMediaFactory (508)
[2023.07.28-22.59.43:142][508]LogModuleManager: Shutting down and abandoning module SessionServices (506)
[2023.07.28-22.59.43:142][508]LogModuleManager: Shutting down and abandoning module MovieSceneCapture (504)
[2023.07.28-22.59.43:142][508]LogModuleManager: Shutting down and abandoning module LiveCoding (502)
[2023.07.28-22.59.43:142][508]LogModuleManager: Shutting down and abandoning module LevelSequence (500)
[2023.07.28-22.59.43:142][508]LogModuleManager: Shutting down and abandoning module MovieSceneTracks (498)
[2023.07.28-22.59.43:142][508]LogModuleManager: Shutting down and abandoning module MovieScene (496)
[2023.07.28-22.59.43:142][508]LogModuleManager: Shutting down and abandoning module StreamingPauseRendering (494)
[2023.07.28-22.59.43:142][508]LogModuleManager: Shutting down and abandoning module PortalServices (492)
[2023.07.28-22.59.43:142][508]LogModuleManager: Shutting down and abandoning module PortalRpc (490)
[2023.07.28-22.59.43:142][508]LogModuleManager: Shutting down and abandoning module MessagingRpc (488)
[2023.07.28-22.59.43:142][508]LogModuleManager: Shutting down and abandoning module AudioMixerXAudio2 (486)
[2023.07.28-22.59.43:142][508]LogModuleManager: Shutting down and abandoning module AudioMixerCore (485)
[2023.07.28-22.59.43:142][508]LogModuleManager: Shutting down and abandoning module ImageWriteQueue (482)
[2023.07.28-22.59.43:147][508]LogModuleManager: Shutting down and abandoning module ProfilerService (480)
[2023.07.28-22.59.43:293][508]LogModuleManager: Shutting down and abandoning module TaskGraph (478)
[2023.07.28-22.59.43:293][508]LogModuleManager: Shutting down and abandoning module OculusInput (476)
[2023.07.28-22.59.43:293][508]LogModuleManager: Shutting down and abandoning module RawInput (474)
[2023.07.28-22.59.43:293][508]LogModuleManager: Shutting down and abandoning module MotoSynth (472)
[2023.07.28-22.59.43:293][508]LogModuleManager: Shutting down and abandoning module OpenImageDenoise (470)
[2023.07.28-22.59.43:293][508]LogOpenImageDenoise: OIDN shutting down
[2023.07.28-22.59.43:293][508]LogModuleManager: Shutting down and abandoning module MeshConversion (468)
[2023.07.28-22.59.43:293][508]LogModuleManager: Shutting down and abandoning module DynamicMesh (466)
[2023.07.28-22.59.43:293][508]LogModuleManager: Shutting down and abandoning module GeometryAlgorithms (464)
[2023.07.28-22.59.43:293][508]LogModuleManager: Shutting down and abandoning module GeometricObjects (462)
[2023.07.28-22.59.43:293][508]LogModuleManager: Shutting down and abandoning module GeometryCollectionTracks (460)
[2023.07.28-22.59.43:293][508]LogModuleManager: Shutting down and abandoning module GeometryCollectionSequencer (459)
[2023.07.28-22.59.43:293][508]LogModuleManager: Shutting down and abandoning module GeometryCacheTracks (456)
[2023.07.28-22.59.43:293][508]LogModuleManager: Shutting down and abandoning module GeometryCacheSequencer (455)
[2023.07.28-22.59.43:293][508]LogModuleManager: Shutting down and abandoning module GeometryCache (452)
[2023.07.28-22.59.43:293][508]LogModuleManager: Shutting down and abandoning module GeometryCacheEd (451)
[2023.07.28-22.59.43:293][508]LogModuleManager: Shutting down and abandoning module ChaosNiagara (448)
[2023.07.28-22.59.43:293][508]LogModuleManager: Shutting down and abandoning module BackChannel (446)
[2023.07.28-22.59.43:293][508]LogModuleManager: Shutting down and abandoning module AutomationUtils (444)
[2023.07.28-22.59.43:293][508]LogModuleManager: Shutting down and abandoning module TakeMovieScene (442)
[2023.07.28-22.59.43:293][508]LogModuleManager: Shutting down and abandoning module MagicLeapSharedWorld (440)
[2023.07.28-22.59.43:293][508]LogModuleManager: Shutting down and abandoning module MagicLeapLightEstimation (438)
[2023.07.28-22.59.43:293][508]LogModuleManager: Shutting down and abandoning module MagicLeapHelperVulkan (436)
[2023.07.28-22.59.43:293][508]LogModuleManager: Shutting down and abandoning module MagicLeapHelperOpenGL (434)
[2023.07.28-22.59.43:293][508]LogModuleManager: Shutting down and abandoning module MagicLeapAudio (432)
[2023.07.28-22.59.43:293][508]LogModuleManager: Shutting down and abandoning module Synthesis (430)
[2023.07.28-22.59.43:293][508]LogModuleManager: Shutting down and abandoning module ProceduralMeshComponent (428)
[2023.07.28-22.59.43:293][508]LogModuleManager: Shutting down and abandoning module MobilePatchingUtils (426)
[2023.07.28-22.59.43:294][508]LogModuleManager: Shutting down and abandoning module TemplateSequence (424)
[2023.07.28-22.59.43:294][508]LogModuleManager: Shutting down and abandoning module GooglePAD (422)
[2023.07.28-22.59.43:294][508]LogModuleManager: Shutting down and abandoning module EditableMesh (420)
[2023.07.28-22.59.43:294][508]LogModuleManager: Shutting down and abandoning module FieldSystemEngine (419)
[2023.07.28-22.59.43:294][508]LogModuleManager: Shutting down and abandoning module ArchVisCharacter (416)
[2023.07.28-22.59.43:294][508]LogModuleManager: Shutting down and abandoning module CustomMeshComponent (414)
[2023.07.28-22.59.43:294][508]LogModuleManager: Shutting down and abandoning module CableComponent (412)
[2023.07.28-22.59.43:294][508]LogModuleManager: Shutting down and abandoning module AudioCapture (410)
[2023.07.28-22.59.43:294][508]LogModuleManager: Shutting down and abandoning module AudioCaptureRtAudio (409)
[2023.07.28-22.59.43:294][508]LogModuleManager: Shutting down and abandoning module AssetTags (406)
[2023.07.28-22.59.43:294][508]LogModuleManager: Shutting down and abandoning module AppleImageUtilsBlueprintSupport (404)
[2023.07.28-22.59.43:294][508]LogModuleManager: Shutting down and abandoning module AppleImageUtils (402)
[2023.07.28-22.59.43:294][508]LogModuleManager: Shutting down and abandoning module ActorLayerUtilities (400)
[2023.07.28-22.59.43:294][508]LogModuleManager: Shutting down and abandoning module AndroidPermission (398)
[2023.07.28-22.59.43:294][508]LogModuleManager: Shutting down and abandoning module MediaCompositing (396)
[2023.07.28-22.59.43:294][508]LogModuleManager: Shutting down and abandoning module ImgMedia (394)
[2023.07.28-22.59.43:294][508]LogModuleManager: Shutting down and abandoning module UObjectPlugin (392)
[2023.07.28-22.59.43:294][508]LogModuleManager: Shutting down and abandoning module VisualStudioSourceCodeAccess (390)
[2023.07.28-22.59.43:294][508]LogModuleManager: Shutting down and abandoning module HotReload (389)
[2023.07.28-22.59.43:294][508]LogModuleManager: Shutting down and abandoning module VisualStudioCodeSourceCodeAccess (386)
[2023.07.28-22.59.43:294][508]LogModuleManager: Shutting down and abandoning module SubversionSourceControl (384)
[2023.07.28-22.59.43:294][508]LogModuleManager: Shutting down and abandoning module PerforceSourceControl (382)
[2023.07.28-22.59.43:294][508]LogModuleManager: Shutting down and abandoning module SourceControl (381)
[2023.07.28-22.59.43:294][508]LogModuleManager: Shutting down and abandoning module CLionSourceCodeAccess (378)
[2023.07.28-22.59.43:294][508]LogModuleManager: Shutting down and abandoning module OodleNetworkHandlerComponent (376)
[2023.07.28-22.59.43:294][508]LogModuleManager: Shutting down and abandoning module LiveLinkSequencer (374)
[2023.07.28-22.59.43:294][508]LogModuleManager: Shutting down and abandoning module LiveLinkMovieScene (372)
[2023.07.28-22.59.43:294][508]LogModuleManager: Shutting down and abandoning module LiveLinkGraphNode (370)
[2023.07.28-22.59.43:294][508]LogModuleManager: Shutting down and abandoning module LiveLinkComponents (368)
[2023.07.28-22.59.43:294][508]LogModuleManager: Shutting down and abandoning module LiveLink (366)
[2023.07.28-22.59.43:309][508]LogModuleManager: Shutting down and abandoning module PythonScriptPlugin (364)
[2023.07.28-22.59.43:310][508]LogModuleManager: Shutting down and abandoning module MagicLeapARPin (362)
[2023.07.28-22.59.43:310][508]LogModuleManager: Shutting down and abandoning module MagicLeapHandMeshing (360)
[2023.07.28-22.59.43:310][508]LogModuleManager: Shutting down and abandoning module MagicLeapSecureStorage (358)
[2023.07.28-22.59.43:310][508]LogModuleManager: Shutting down and abandoning module MagicLeapPrivileges (356)
[2023.07.28-22.59.43:310][508]LogModuleManager: Shutting down and abandoning module MagicLeapPlanes (354)
[2023.07.28-22.59.43:310][508]LogMagicLeapPlanes: Planes tracker already destroyed.
[2023.07.28-22.59.43:310][508]LogModuleManager: Shutting down and abandoning module MagicLeapImageTracker (352)
[2023.07.28-22.59.43:310][508]LogModuleManager: Shutting down and abandoning module MagicLeapIdentity (350)
[2023.07.28-22.59.43:310][508]LogModuleManager: Shutting down and abandoning module MagicLeapHandTracking (348)
[2023.07.28-22.59.43:310][508]LogModuleManager: Shutting down and abandoning module MagicLeapEyeTracker (346)
[2023.07.28-22.59.43:310][508]LogModuleManager: Shutting down and abandoning module MagicLeapController (344)
[2023.07.28-22.59.43:310][508]LogModuleManager: Shutting down and abandoning module MagicLeapARPinImpl (342)
[2023.07.28-22.59.43:310][508]LogModuleManager: Shutting down and abandoning module MagicLeapAR (340)
[2023.07.28-22.59.43:310][508]LogModuleManager: Shutting down and abandoning module SoundFields (338)
[2023.07.28-22.59.43:310][508]LogModuleManager: Shutting down and abandoning module SignificanceManager (336)
[2023.07.28-22.59.43:310][508]LogModuleManager: Shutting down and abandoning module RuntimePhysXCooking (334)
[2023.07.28-22.59.43:310][508]LogModuleManager: Shutting down and abandoning module PropertyAccessEditor (332)
[2023.07.28-22.59.43:310][508]LogModuleManager: Shutting down and abandoning module PhysXVehiclesEditor (330)
[2023.07.28-22.59.43:310][508]LogModuleManager: Shutting down and abandoning module LocationServicesBPLibrary (326)
[2023.07.28-22.59.43:310][508]LogModuleManager: Shutting down and abandoning module ActorSequence (324)
[2023.07.28-22.59.43:310][508]LogModuleManager: Shutting down and abandoning module AudioSynesthesia (322)
[2023.07.28-22.59.43:310][508]LogModuleManager: Shutting down and abandoning module AudioSynesthesiaCore (320)
[2023.07.28-22.59.43:310][508]LogModuleManager: Shutting down and abandoning module UdpMessaging (318)
[2023.07.28-22.59.43:411][508]LogModuleManager: Shutting down and abandoning module TcpMessaging (316)
